Buildfile: /home/ubuntu/bugs/projects/Closure/build.xml

svnversion:
     [exec] Execute failed: java.io.IOException: Cannot run program "svnversion": error=2, No such file or directory

compile:
    [mkdir] Created dir: /home/ubuntu/bugs/projects/Closure/build/classes
    [javac] /home/ubuntu/bugs/projects/Closure/build.xml:185: warning: 'includeantruntime' was not set, defaulting to build.sysclasspath=last; set to false for repeatable builds
    [javac] Compiling 5 source files to /home/ubuntu/bugs/projects/Closure/build/classes
    [javac] warning: [options] bootstrap class path not set in conjunction with -source 1.6
    [javac] 1 warning
    [javac] /home/ubuntu/bugs/projects/Closure/build.xml:191: warning: 'includeantruntime' was not set, defaulting to build.sysclasspath=last; set to false for repeatable builds
    [javac] Compiling 357 source files to /home/ubuntu/bugs/projects/Closure/build/classes
    [javac] warning: [options] bootstrap class path not set in conjunction with -source 1.6
    [javac] /home/ubuntu/bugs/projects/Closure/src/com/google/javascript/jscomp/SideEffectsAnalysis.java:46: error: unmappable character for encoding ASCII
    [javac]  * Banning, John. ???An efficient way to find the side effects of procedure
    [javac]                   ^
    [javac] /home/ubuntu/bugs/projects/Closure/src/com/google/javascript/jscomp/SideEffectsAnalysis.java:46: error: unmappable character for encoding ASCII
    [javac]  * Banning, John. ???An efficient way to find the side effects of procedure
    [javac]                    ^
    [javac] /home/ubuntu/bugs/projects/Closure/src/com/google/javascript/jscomp/SideEffectsAnalysis.java:46: error: unmappable character for encoding ASCII
    [javac]  * Banning, John. ???An efficient way to find the side effects of procedure
    [javac]                     ^
    [javac] /home/ubuntu/bugs/projects/Closure/src/com/google/javascript/jscomp/SideEffectsAnalysis.java:47: error: unmappable character for encoding ASCII
    [javac]  *      calls and the aliases of variables.??? POPL '79.
    [javac]                                            ^
    [javac] /home/ubuntu/bugs/projects/Closure/src/com/google/javascript/jscomp/SideEffectsAnalysis.java:47: error: unmappable character for encoding ASCII
    [javac]  *      calls and the aliases of variables.??? POPL '79.
    [javac]                                             ^
    [javac] /home/ubuntu/bugs/projects/Closure/src/com/google/javascript/jscomp/SideEffectsAnalysis.java:47: error: unmappable character for encoding ASCII
    [javac]  *      calls and the aliases of variables.??? POPL '79.
    [javac]                                              ^
    [javac] 6 errors
    [javac] 1 warning

BUILD FAILED
/home/ubuntu/bugs/projects/Closure/build.xml:191: Compile failed; see the compiler error output for details.

Total time: 2 seconds
