Parallel execution is an incubating feature.
:buildSrc:clean UP-TO-DATE
:buildSrc:compileJava UP-TO-DATE
:buildSrc:compileGroovyNote: /home/michel/Investigacion/bugs/projects/Mockito/buildSrc/src/main/groovy/org/mockito/release/comparison/ZipCompare.java uses unchecked or unsafe operations.
Note: Recompile with -Xlint:unchecked for details.

:buildSrc:processResources UP-TO-DATE
:buildSrc:classes
:buildSrc:jar
:buildSrc:assemble
:buildSrc:compileTestJava UP-TO-DATE
:buildSrc:compileTestGroovystartup failed:
General error during semantic analysis: Type Improvement not present

java.lang.TypeNotPresentException: Type Improvement not present
	at sun.reflect.generics.factory.CoreReflectionFactory.makeNamedType(CoreReflectionFactory.java:117)
	at sun.reflect.generics.visitor.Reifier.visitClassTypeSignature(Reifier.java:125)
	at sun.reflect.generics.tree.ClassTypeSignature.accept(ClassTypeSignature.java:49)
	at sun.reflect.generics.visitor.Reifier.reifyTypeArguments(Reifier.java:68)
	at sun.reflect.generics.visitor.Reifier.visitClassTypeSignature(Reifier.java:138)
	at sun.reflect.generics.tree.ClassTypeSignature.accept(ClassTypeSignature.java:49)
	at sun.reflect.generics.visitor.Reifier.reifyTypeArguments(Reifier.java:68)
	at sun.reflect.generics.visitor.Reifier.visitClassTypeSignature(Reifier.java:138)
	at sun.reflect.generics.tree.ClassTypeSignature.accept(ClassTypeSignature.java:49)
	at sun.reflect.generics.repository.MethodRepository.getReturnType(MethodRepository.java:68)
	at java.lang.reflect.Method.getGenericReturnType(Method.java:245)
	at org.codehaus.groovy.vmplugin.v5.Java5.configureClassNode(Java5.java:330)
	at org.codehaus.groovy.ast.ClassNode.lazyClassInit(ClassNode.java:262)
	at org.codehaus.groovy.ast.ClassNode.getDeclaredMethods(ClassNode.java:842)
	at org.codehaus.groovy.ast.ClassNode.getMethods(ClassNode.java:857)
	at org.codehaus.groovy.ast.ClassNode.hasPossibleStaticMethod(ClassNode.java:1264)
	at org.codehaus.groovy.control.StaticImportVisitor.findStaticMethod(StaticImportVisitor.java:520)
	at org.codehaus.groovy.control.StaticImportVisitor.findStaticPropertyAccessorByFullName(StaticImportVisitor.java:506)
	at org.codehaus.groovy.control.StaticImportVisitor.findStaticPropertyAccessor(StaticImportVisitor.java:477)
	at org.codehaus.groovy.control.StaticImportVisitor.findStaticFieldOrPropAccessorImportFromModule(StaticImportVisitor.java:375)
	at org.codehaus.groovy.control.StaticImportVisitor.transformVariableExpression(StaticImportVisitor.java:168)
	at org.codehaus.groovy.control.StaticImportVisitor.transform(StaticImportVisitor.java:69)
	at org.codehaus.groovy.control.StaticImportVisitor.transformBinaryExpression(StaticImportVisitor.java:144)
	at org.codehaus.groovy.control.StaticImportVisitor.transform(StaticImportVisitor.java:72)
	at org.codehaus.groovy.control.StaticImportVisitor.transformMethodCallExpression(StaticImportVisitor.java:229)
	at org.codehaus.groovy.control.StaticImportVisitor.transform(StaticImportVisitor.java:78)
	at org.codehaus.groovy.ast.ClassCodeExpressionTransformer.visitExpressionStatement(ClassCodeExpressionTransformer.java:139)
	at org.codehaus.groovy.ast.stmt.ExpressionStatement.visit(ExpressionStatement.java:40)
	at org.codehaus.groovy.ast.CodeVisitorSupport.visitBlockStatement(CodeVisitorSupport.java:35)
	at org.codehaus.groovy.ast.ClassCodeVisitorSupport.visitBlockStatement(ClassCodeVisitorSupport.java:165)
	at org.codehaus.groovy.ast.stmt.BlockStatement.visit(BlockStatement.java:69)
	at org.codehaus.groovy.ast.ClassCodeVisitorSupport.visitClassCodeContainer(ClassCodeVisitorSupport.java:101)
	at org.codehaus.groovy.ast.ClassCodeVisitorSupport.visitConstructorOrMethod(ClassCodeVisitorSupport.java:112)
	at org.codehaus.groovy.ast.ClassCodeExpressionTransformer.visitConstructorOrMethod(ClassCodeExpressionTransformer.java:50)
	at org.codehaus.groovy.control.StaticImportVisitor.visitConstructorOrMethod(StaticImportVisitor.java:54)
	at org.codehaus.groovy.ast.ClassCodeVisitorSupport.visitMethod(ClassCodeVisitorSupport.java:123)
	at org.codehaus.groovy.ast.ClassNode.visitContents(ClassNode.java:1056)
	at org.codehaus.groovy.ast.ClassCodeVisitorSupport.visitClass(ClassCodeVisitorSupport.java:50)
	at org.codehaus.groovy.control.StaticImportVisitor.visitClass(StaticImportVisitor.java:48)
	at org.codehaus.groovy.control.CompilationUnit$10.call(CompilationUnit.java:613)
	at org.codehaus.groovy.control.CompilationUnit.applyToPrimaryClassNodes(CompilationUnit.java:967)
	at org.codehaus.groovy.control.CompilationUnit.doPhaseOperation(CompilationUnit.java:546)
	at org.codehaus.groovy.control.CompilationUnit.processPhaseOperations(CompilationUnit.java:524)
	at org.codehaus.groovy.control.CompilationUnit.compile(CompilationUnit.java:501)
	at org.codehaus.groovy.control.CompilationUnit.compile(CompilationUnit.java:480)
	at org.gradle.api.internal.tasks.compile.ApiGroovyCompiler.execute(ApiGroovyCompiler.java:119)
	at org.gradle.api.internal.tasks.compile.ApiGroovyCompiler.execute(ApiGroovyCompiler.java:40)
	at org.gradle.api.internal.tasks.compile.daemon.CompilerDaemonServer.execute(CompilerDaemonServer.java:53)
	at sun.reflect.NativeMethodAccessorImpl.invoke0(Native Method)
	at sun.reflect.NativeMethodAccessorImpl.invoke(NativeMethodAccessorImpl.java:57)
	at sun.reflect.DelegatingMethodAccessorImpl.invoke(DelegatingMethodAccessorImpl.java:43)
	at java.lang.reflect.Method.invoke(Method.java:606)
	at org.gradle.messaging.dispatch.ReflectionDispatch.dispatch(ReflectionDispatch.java:35)
	at org.gradle.messaging.dispatch.ReflectionDispatch.dispatch(ReflectionDispatch.java:24)
	at org.gradle.messaging.remote.internal.hub.MessageHub$Handler.run(MessageHub.java:355)
	at org.gradle.internal.concurrent.DefaultExecutorFactory$StoppableExecutorImpl$1.run(DefaultExecutorFactory.java:64)
	at java.util.concurrent.ThreadPoolExecutor.runWorker(ThreadPoolExecutor.java:1152)
	at java.util.concurrent.ThreadPoolExecutor$Worker.run(ThreadPoolExecutor.java:622)
	at java.lang.Thread.run(Thread.java:748)
Caused by: java.lang.ClassNotFoundException: Improvement
	at org.gradle.internal.classloader.TransformingClassLoader.findClass(TransformingClassLoader.java:41)
	at java.lang.ClassLoader.loadClass(ClassLoader.java:425)
	at java.lang.ClassLoader.loadClass(ClassLoader.java:358)
	at java.lang.Class.forName0(Native Method)
	at java.lang.Class.forName(Class.java:278)
	at sun.reflect.generics.factory.CoreReflectionFactory.makeNamedType(CoreReflectionFactory.java:114)
	... 58 more

1 error

 FAILED

FAILURE: Build failed with an exception.

* What went wrong:
Execution failed for task ':compileTestGroovy'.
> Compilation failed; see the compiler error output for details.

* Try:
Run with --stacktrace option to get the stack trace. Run with --info or --debug option to get more log output.

BUILD FAILED

Total time: 2.579 secs
