Parallel execution is an incubating feature.
:buildSrc:clean UP-TO-DATE
:buildSrc:compileJava UP-TO-DATE
:buildSrc:compileGroovy
:buildSrc:processResources UP-TO-DATE
:buildSrc:classes
:buildSrc:jar
:buildSrc:assemble
:buildSrc:compileTestJava UP-TO-DATE
:buildSrc:compileTestGroovy
:buildSrc:processTestResources UP-TO-DATE
:buildSrc:testClasses
:buildSrc:test

org.mockito.release.notes.internal.ImprovementsPrinterIntegrationTest > should print formatted change list FAILED
    groovy.lang.MissingMethodException at ImprovementsPrinterIntegrationTest.groovy:20

7 tests completed, 1 failed
:buildSrc:test FAILED

FAILURE: Build failed with an exception.

* What went wrong:
Execution failed for task ':test'.
> There were failing tests. See the report at: file:///home/michel/Investigacion/bugs/projects/Mockito/buildSrc/build/reports/tests/index.html

* Try:
Run with --stacktrace option to get the stack trace. Run with --info or --debug option to get more log output.

BUILD FAILED

Total time: 3.575 secs
