sed: can't read buildSrc/build.gradle: No such file or directory
Downloading http://services.gradle.org/distributions/gradle-1.12-bin.zip
........................................................................................................................................................................................................................................................................................................................................................................................................................................................................................................................................................................................................................................................................................................................................................................................................................................................................................................................................................................................................................................................................................................................................................................................................................................................................................................................................................................................................................................................................................................................................................................................................................................................................................................................................................................................................................................................................................................................................................................................................................................................................................................................................................................................
Unzipping /home/michel/.gradle/wrapper/dists/gradle-1.12-bin/64p5p2nte80b6rt6bb068pabi6/gradle-1.12-bin.zip to /home/michel/.gradle/wrapper/dists/gradle-1.12-bin/64p5p2nte80b6rt6bb068pabi6
Set executable permissions for: /home/michel/.gradle/wrapper/dists/gradle-1.12-bin/64p5p2nte80b6rt6bb068pabi6/gradle-1.12/bin/gradle
Parallel execution is an incubating feature.
Version: 1.10.0-dev

FAILURE: Build failed with an exception.

* What went wrong:
Task 'mockitoJavadoc' not found in root project 'mockito'.

* Try:
Run gradlew tasks to get a list of available tasks. Run with --stacktrace option to get the stack trace. Run with --info or --debug option to get more log output.

BUILD FAILED

Total time: 1 mins 1.383 secs
