sed: can't read buildSrc/build.gradle: No such file or directory
Parallel execution is an incubating feature.
Download http://repo1.maven.org/maven2/org/codehaus/groovy/modules/http-builder/http-builder/0.5.0-RC2/http-builder-0.5.0-RC2.pom
Download http://repo1.maven.org/maven2/org/codehaus/groovy/groovy/1.6.9/groovy-1.6.9.pom
Download http://repo1.maven.org/maven2/net/sourceforge/nekohtml/nekohtml/1.9.9/nekohtml-1.9.9.pom
Download http://repo1.maven.org/maven2/asm/asm/2.2.3/asm-2.2.3.pom
Download http://repo1.maven.org/maven2/asm/asm-parent/2.2.3/asm-parent-2.2.3.pom
Download http://repo1.maven.org/maven2/asm/asm-util/2.2.3/asm-util-2.2.3.pom
Download http://repo1.maven.org/maven2/asm/asm-analysis/2.2.3/asm-analysis-2.2.3.pom
Download http://repo1.maven.org/maven2/asm/asm-tree/2.2.3/asm-tree-2.2.3.pom
Download http://repo1.maven.org/maven2/org/codehaus/groovy/modules/http-builder/http-builder/0.5.0-RC2/http-builder-0.5.0-RC2.jar
Download http://repo1.maven.org/maven2/org/codehaus/groovy/groovy/1.6.9/groovy-1.6.9.jar
Download http://repo1.maven.org/maven2/net/sourceforge/nekohtml/nekohtml/1.9.9/nekohtml-1.9.9.jar
Download http://repo1.maven.org/maven2/asm/asm/2.2.3/asm-2.2.3.jar
Download http://repo1.maven.org/maven2/asm/asm-util/2.2.3/asm-util-2.2.3.jar
Download http://repo1.maven.org/maven2/asm/asm-analysis/2.2.3/asm-analysis-2.2.3.jar
Download http://repo1.maven.org/maven2/asm/asm-tree/2.2.3/asm-tree-2.2.3.jar

FAILURE: Build failed with an exception.

* What went wrong:
Task 'mockitoJavadoc' not found in root project 'mockito'.

* Try:
Run gradlew tasks to get a list of available tasks. Run with --stacktrace option to get the stack trace. Run with --info or --debug option to get more log output.

BUILD FAILED

Total time: 16.026 secs
