sed: can't read buildSrc/build.gradle: No such file or directory
Downloading http://services.gradle.org/distributions/gradle-1.0-rc-3-bin.zip
.........................................................................................................................................................................................................................................................................................................................................................................................................................................................................................................................................................................................................................................................................................................................................................................................................................................................................................................................................................................................................................................................................................................................................................................................................................................................................................................................................................................................................................................................................................................................................................
Unzipping /home/michel/.gradle/wrapper/dists/gradle-1.0-rc-3-bin.zip to /home/michel/.gradle/wrapper/dists
Set executable permissions for: /home/michel/.gradle/wrapper/dists/gradle-1.0-rc-3/bin/gradle

FAILURE: Could not determine which tasks to execute.

* What went wrong:
Task 'mockitoJavadoc' not found in root project 'mockito'.

* Try:
Run gradlew tasks to get a list of available tasks.

BUILD FAILED

Total time: 52.455 secs
