sed: can't read buildSrc/build.gradle: No such file or directory
Downloading http://services.gradle.org/distributions/gradle-1.0-milestone-8a-bin.zip
.........................................................................................................................................................................................................................................................................................................................................................................................................................................................................................................................................................................................................................................................................................................................................................................................................................................................................................................................................................................................................................................................................................................................................................................................................................................................................................................................................................................................................................................................................................................................................................
Unzipping /home/michel/.gradle/wrapper/dists/gradle-1.0-milestone-8a-bin.zip to /home/michel/.gradle/wrapper/dists
Set executable permissions for: /home/michel/.gradle/wrapper/dists/gradle-1.0-milestone-8a/bin/gradle
Note: the Gradle build daemon is an experimental feature.
As such, you may experience unexpected build failures. You may need to occasionally stop the daemon.

FAILURE: Could not determine which tasks to execute.

* What went wrong:
Task 'mockitoJavadoc' not found in root project 'mockito'.

* Try:
Run gradlew tasks to get a list of available tasks.

BUILD FAILED

Total time: 34.121 secs
