Buildfile: /home/ubuntu/bugs/projects/Lang/build.xml

clean:

BUILD SUCCESSFUL
Total time: 0 seconds
Buildfile: /home/ubuntu/bugs/projects/Lang/build.xml

init:
     [echo] -------- commons-lang 3.0.1 --------
    [mkdir] Created dir: /home/ubuntu/bugs/projects/Lang/target

compile:
    [mkdir] Created dir: /home/ubuntu/bugs/projects/Lang/target/classes
    [javac] Compiling 104 source files to /home/ubuntu/bugs/projects/Lang/target/classes
    [javac] warning: [options] bootstrap class path not set in conjunction with -source 1.5
    [javac] warning: [options] source value 1.5 is obsolete and will be removed in a future release
    [javac] warning: [options] target value 1.5 is obsolete and will be removed in a future release
    [javac] warning: [options] To suppress warnings about obsolete options, use -Xlint:-options.
    [javac] /home/ubuntu/bugs/projects/Lang/src/main/java/org/apache/commons/lang3/compare/ComparatorUtils.java:22: error: cannot find symbol
    [javac] import org.apache.commons.collections.comparators.BooleanComparator;
    [javac]                                                  ^
    [javac]   symbol:   class BooleanComparator
    [javac]   location: package org.apache.commons.collections.comparators
    [javac] /home/ubuntu/bugs/projects/Lang/src/main/java/org/apache/commons/lang3/compare/ComparatorUtils.java:26: error: cannot find symbol
    [javac] import org.apache.commons.collections.comparators.ReverseComparator;
    [javac]                                                  ^
    [javac]   symbol:   class ReverseComparator
    [javac]   location: package org.apache.commons.collections.comparators
    [javac] /home/ubuntu/bugs/projects/Lang/src/main/java/org/apache/commons/lang3/compare/ComparatorUtils.java:27: error: cannot find symbol
    [javac] import org.apache.commons.collections.comparators.TransformingComparator;
    [javac]                                                  ^
    [javac]   symbol:   class TransformingComparator
    [javac]   location: package org.apache.commons.collections.comparators
    [javac] /home/ubuntu/bugs/projects/Lang/src/main/java/org/apache/commons/lang3/compare/ComparatorUtils.java:202: error: cannot find symbol
    [javac]     public static <E> Comparator<E> transformedComparator(Comparator<E> comparator, Transformer<? super E, ? extends E> transformer) {
    [javac]                                                                                     ^
    [javac]   symbol:   class Transformer
    [javac]   location: class ComparatorUtils
    [javac] /home/ubuntu/bugs/projects/Lang/src/main/java/org/apache/commons/lang3/compare/ComparatorUtils.java:132: error: cannot find symbol
    [javac]         return new ReverseComparator<E>(comparator);
    [javac]                    ^
    [javac]   symbol:   class ReverseComparator
    [javac]   location: class ComparatorUtils
    [javac] /home/ubuntu/bugs/projects/Lang/src/main/java/org/apache/commons/lang3/compare/ComparatorUtils.java:148: error: cannot find symbol
    [javac]         return BooleanComparator.booleanComparator(trueFirst);
    [javac]                ^
    [javac]   symbol:   variable BooleanComparator
    [javac]   location: class ComparatorUtils
    [javac] /home/ubuntu/bugs/projects/Lang/src/main/java/org/apache/commons/lang3/compare/ComparatorUtils.java:206: error: cannot find symbol
    [javac]         return new TransformingComparator<E>(transformer, comparator);
    [javac]                    ^
    [javac]   symbol:   class TransformingComparator
    [javac]   location: class ComparatorUtils
    [javac] Note: /home/ubuntu/bugs/projects/Lang/src/main/java/org/apache/commons/lang3/SerializationUtils.java uses unchecked or unsafe operations.
    [javac] Note: Recompile with -Xlint:unchecked for details.
    [javac] 7 errors
    [javac] 4 warnings

BUILD FAILED
/home/ubuntu/bugs/projects/Lang/build.xml:62: Compile failed; see the compiler error output for details.

Total time: 5 seconds
