:buildSrc:compileJava UP-TO-DATE
:buildSrc:compileGroovy
:buildSrc:processResources
:buildSrc:classes
:buildSrc:jar
:buildSrc:assemble
:buildSrc:compileTestJava UP-TO-DATE
:buildSrc:compileTestGroovy UP-TO-DATE
:buildSrc:processTestResources UP-TO-DATE
:buildSrc:testClasses UP-TO-DATE
:buildSrc:test
:buildSrc:check
:buildSrc:build
:assemble
:build
:spring-core:cglibRepackJar
:spring-core:compileJavaNote: Some input files use unchecked or unsafe operations.
Note: Recompile with -Xlint:unchecked for details.

:spring-core:processResources UP-TO-DATE
:spring-core:classes
:spring-core:objenesisRepackJar
:spring-core:jar
:spring-beans:compileJavaNote: /home/ubuntu/bugs/spring-framework/spring-beans/src/main/java/org/springframework/beans/factory/xml/ResourceEntityResolver.java uses or overrides a deprecated API.
Note: Recompile with -Xlint:deprecation for details.
Note: Some input files use unchecked or unsafe operations.
Note: Recompile with -Xlint:unchecked for details.

:spring-beans:processResources
:spring-beans:classes
:spring-beans-groovy:compileJava SKIPPED
:spring-beans-groovy:compileGroovywarning: [options] bootstrap class path not set in conjunction with -source 1.6
1 warning

:spring-beans-groovy:processResources UP-TO-DATE
:spring-beans-groovy:classes
:spring-beans:jar
:spring-aop:compileJava/home/ubuntu/bugs/spring-framework/spring-aop/src/main/java/org/springframework/aop/target/AbstractPrototypeBasedTargetSource.java:46: warning: [serial] serializable class AbstractPrototypeBasedTargetSource has no definition of serialVersionUID
public abstract class AbstractPrototypeBasedTargetSource extends AbstractBeanFactoryBasedTargetSource {
                ^
/home/ubuntu/bugs/spring-framework/spring-aop/src/main/java/org/springframework/aop/target/AbstractPoolingTargetSource.java:53: warning: [serial] serializable class AbstractPoolingTargetSource has no definition of serialVersionUID
public abstract class AbstractPoolingTargetSource extends AbstractPrototypeBasedTargetSource
                ^
/home/ubuntu/bugs/spring-framework/spring-aop/src/main/java/org/springframework/aop/framework/ObjenesisCglibAopProxy.java:35: warning: [serial] serializable class ObjenesisCglibAopProxy has no definition of serialVersionUID
class ObjenesisCglibAopProxy extends CglibAopProxy {
^
Note: Some input files use or override a deprecated API.
Note: Recompile with -Xlint:deprecation for details.
Note: Some input files use unchecked or unsafe operations.
Note: Recompile with -Xlint:unchecked for details.
3 warnings

:spring-aop:processResources
:spring-aop:classes
:spring-aop:jar
:spring-aop:sourcesJar
:spring-aop:assemble
:spring-aop:build
:spring-expression:compileJava
:spring-expression:processResources UP-TO-DATE
:spring-expression:classes
:spring-expression:jar
:spring-instrument:compileJava
:spring-instrument:processResources UP-TO-DATE
:spring-instrument:classes
:spring-instrument:jar
:spring-context:compileJavaNote: /home/ubuntu/bugs/spring-framework/spring-context/src/main/java/org/springframework/validation/beanvalidation/MethodValidationInterceptor.java uses or overrides a deprecated API.
Note: Recompile with -Xlint:deprecation for details.
Note: Some input files use unchecked or unsafe operations.
Note: Recompile with -Xlint:unchecked for details.

:spring-context:compileGroovy UP-TO-DATE
:spring-context:processResources
:spring-context:classes
:spring-context:jar
:spring-tx:compileJavaNote: Some input files use unchecked or unsafe operations.
Note: Recompile with -Xlint:unchecked for details.

:spring-tx:processResources
:spring-tx:classes
:spring-tx:jar
:spring-jdbc:compileJava/home/ubuntu/bugs/spring-framework/spring-jdbc/src/main/java/org/springframework/jdbc/core/SqlRowSetResultSetExtractor.java:138: warning: CachedRowSetImpl is internal proprietary API and may be removed in a future release
			return new com.sun.rowset.CachedRowSetImpl();
			                         ^
Note: Some input files use unchecked or unsafe operations.
Note: Recompile with -Xlint:unchecked for details.
1 warning

:spring-jdbc:processResources
:spring-jdbc:classes
:spring-jdbc:jar
:spring-context-support:compileJavaNote: /home/ubuntu/bugs/spring-framework/spring-context-support/src/main/java/org/springframework/cache/ehcache/EhCacheFactoryBean.java uses or overrides a deprecated API.
Note: Recompile with -Xlint:deprecation for details.
Note: Some input files use unchecked or unsafe operations.
Note: Recompile with -Xlint:unchecked for details.

:spring-context-support:processResources
:spring-context-support:classes
:spring-context-support:jar
:spring-oxm:compileJava
:spring-oxm:processResources
:spring-oxm:classes
:spring-oxm:jar
:spring-web:compileJava/home/ubuntu/bugs/spring-framework/spring-web/src/main/java/org/springframework/web/util/UriComponents.java:42: warning: [serial] serializable class UriComponents has no definition of serialVersionUID
public abstract class UriComponents implements Serializable {
                ^
Note: Some input files use or override a deprecated API.
Note: Recompile with -Xlint:deprecation for details.
Note: Some input files use unchecked or unsafe operations.
Note: Recompile with -Xlint:unchecked for details.
1 warning

:spring-web:processResources
:spring-web:classes
:spring-web:jar
:spring-orm:compileJava/home/ubuntu/bugs/spring-framework/spring-orm/src/main/java/org/springframework/orm/jpa/AbstractEntityManagerFactoryBean.java:83: warning: [serial] serializable class AbstractEntityManagerFactoryBean has no definition of serialVersionUID
public abstract class AbstractEntityManagerFactoryBean implements
                ^
Note: Some input files use or override a deprecated API.
Note: Recompile with -Xlint:deprecation for details.
Note: /home/ubuntu/bugs/spring-framework/spring-orm/src/main/java/org/springframework/orm/jpa/EntityManagerFactoryUtils.java uses unchecked or unsafe operations.
Note: Recompile with -Xlint:unchecked for details.
1 warning

:spring-orm:processResources UP-TO-DATE
:spring-orm:classes
:spring-orm-hibernate4:compileJava
:spring-orm-hibernate4:processResources UP-TO-DATE
:spring-orm-hibernate4:classes
:spring-orm:jar
:spring-aspects:compileJava
:spring-aspects:processResources
:spring-aspects:classes
:spring-aspects:jar
:spring-aspects:sourcesJar
:spring-aspects:assemble
:spring-aspects:build
:spring-beans:sourcesJar
:spring-beans:assemble
:spring-beans:build
:spring-beans-groovy:jar SKIPPED
:spring-beans-groovy:sourcesJar SKIPPED
:spring-beans-groovy:assemble
:spring-beans-groovy:build
:spring-build-src:assemble UP-TO-DATE
:spring-build-src:build
:spring-context:sourcesJar
:spring-context:assemble
:spring-context:build
:spring-context-support:sourcesJar
:spring-context-support:assemble
:spring-context-support:build
:spring-core:sourcesJar
:spring-core:assemble
:spring-core:build
:spring-expression:sourcesJar
:spring-expression:assemble
:spring-expression:build
:spring-instrument:sourcesJar
:spring-instrument:assemble
:spring-instrument:build
:spring-instrument-tomcat:compileJava
:spring-instrument-tomcat:processResources UP-TO-DATE
:spring-instrument-tomcat:classes
:spring-instrument-tomcat:jar
:spring-instrument-tomcat:sourcesJar
:spring-instrument-tomcat:assemble
:spring-instrument-tomcat:build
:spring-jdbc:sourcesJar
:spring-jdbc:assemble
:spring-jdbc:build
:spring-jms:compileJavaNote: /home/ubuntu/bugs/spring-framework/spring-jms/src/main/java/org/springframework/jms/listener/endpoint/StandardJmsActivationSpecFactory.java uses unchecked or unsafe operations.
Note: Recompile with -Xlint:unchecked for details.

:spring-jms:processResources
:spring-jms:classes
:spring-jms:jar
:spring-jms:sourcesJar
:spring-jms:assemble
:spring-jms:build
:spring-webmvc:compileJava/home/ubuntu/bugs/spring-framework/spring-webmvc/src/main/java/org/springframework/web/servlet/mvc/method/annotation/MvcUriComponentsBuilder.java:186: error: unmappable character for encoding ASCII
	 *   public HttpEntity<Void> getAddressesForCountry(&#064;PathVariable String country) { ??? }
	                                                                                         ^
/home/ubuntu/bugs/spring-framework/spring-webmvc/src/main/java/org/springframework/web/servlet/mvc/method/annotation/MvcUriComponentsBuilder.java:186: error: unmappable character for encoding ASCII
	 *   public HttpEntity<Void> getAddressesForCountry(&#064;PathVariable String country) { ??? }
	                                                                                          ^
/home/ubuntu/bugs/spring-framework/spring-webmvc/src/main/java/org/springframework/web/servlet/mvc/method/annotation/MvcUriComponentsBuilder.java:186: error: unmappable character for encoding ASCII
	 *   public HttpEntity<Void> getAddressesForCountry(&#064;PathVariable String country) { ??? }
	                                                                                           ^
/home/ubuntu/bugs/spring-framework/spring-webmvc/src/main/java/org/springframework/web/servlet/mvc/method/annotation/MvcUriComponentsBuilder.java:189: error: unmappable character for encoding ASCII
	 *   public void addAddress(Address address) { ??? }
	                                               ^
/home/ubuntu/bugs/spring-framework/spring-webmvc/src/main/java/org/springframework/web/servlet/mvc/method/annotation/MvcUriComponentsBuilder.java:189: error: unmappable character for encoding ASCII
	 *   public void addAddress(Address address) { ??? }
	                                                ^
/home/ubuntu/bugs/spring-framework/spring-webmvc/src/main/java/org/springframework/web/servlet/mvc/method/annotation/MvcUriComponentsBuilder.java:189: error: unmappable character for encoding ASCII
	 *   public void addAddress(Address address) { ??? }
	                                                 ^
Note: Some input files use or override a deprecated API.
Note: Recompile with -Xlint:deprecation for details.
Note: Some input files use unchecked or unsafe operations.
Note: Recompile with -Xlint:unchecked for details.

:spring-webmvc:processResources
:spring-webmvc:classes
:spring-webmvc-tiles3:compileJava
:spring-webmvc-tiles3:processResources UP-TO-DATE
:spring-webmvc-tiles3:classes
:spring-webmvc:jar
:spring-websocket:compileJava
:spring-websocket:processResources UP-TO-DATE
:spring-websocket:classes
:spring-websocket:jar
:spring-messaging:compileJava/home/ubuntu/bugs/spring-framework/spring-messaging/src/main/java/org/springframework/messaging/simp/BrokerAvailabilityEvent.java:27: warning: [serial] serializable class BrokerAvailabilityEvent has no definition of serialVersionUID
public class BrokerAvailabilityEvent extends ApplicationEvent {
       ^
/home/ubuntu/bugs/spring-framework/spring-messaging/src/main/java/org/springframework/messaging/handler/annotation/support/MessageHandlingException.java:29: warning: [serial] serializable class MessageHandlingException has no definition of serialVersionUID
public class MessageHandlingException extends MessagingException {
       ^
Note: /home/ubuntu/bugs/spring-framework/spring-messaging/src/main/java/org/springframework/messaging/simp/handler/SimpAnnotationMethodMessageHandler.java uses unchecked or unsafe operations.
Note: Recompile with -Xlint:unchecked for details.
2 warnings

:spring-messaging:processResources UP-TO-DATE
:spring-messaging:classes
:spring-messaging:jar
:spring-messaging:sourcesJar
:spring-messaging:assemble
:spring-messaging:build
:spring-orm:sourcesJar
:spring-orm:assemble
:spring-orm:build
:spring-orm-hibernate4:jar SKIPPED
:spring-orm-hibernate4:sourcesJar SKIPPED
:spring-orm-hibernate4:assemble
:spring-orm-hibernate4:build
:spring-oxm:sourcesJar
:spring-oxm:assemble
:spring-oxm:build
:spring-webmvc-portlet:compileJava
:spring-webmvc-portlet:processResources
:spring-webmvc-portlet:classes
:spring-webmvc-portlet:jar
:spring-test:compileJava/home/ubuntu/bugs/spring-framework/spring-test/src/main/java/org/springframework/test/context/transaction/TransactionalTestExecutionListenerTests.java:23: error: package org.mockito does not exist
import org.mockito.Mockito;
                  ^
/home/ubuntu/bugs/spring-framework/spring-test/src/main/java/org/springframework/test/context/transaction/TransactionalTestExecutionListenerTests.java:31: error: package org.mockito does not exist
import static org.mockito.Mockito.*;
                         ^
/home/ubuntu/bugs/spring-framework/spring-test/src/main/java/org/springframework/test/context/transaction/TransactionalTestExecutionListenerTests.java:41: error: cannot find symbol
	private final PlatformTransactionManager tm = mock(PlatformTransactionManager.class);
	                                              ^
  symbol:   method mock(Class<PlatformTransactionManager>)
  location: class TransactionalTestExecutionListenerTests
/home/ubuntu/bugs/spring-framework/spring-test/src/main/java/org/springframework/test/context/transaction/TransactionalTestExecutionListenerTests.java:50: error: cannot find symbol
	private final TestContext testContext = mock(TestContext.class);
	                                        ^
  symbol:   method mock(Class<TestContext>)
  location: class TransactionalTestExecutionListenerTests
/home/ubuntu/bugs/spring-framework/spring-test/src/main/java/org/springframework/test/context/transaction/TransactionalTestExecutionListenerTests.java:59: error: cannot find symbol
		Mockito.<Class<?>> when(testContext.getTestClass()).thenReturn(clazz);
		^
  symbol:   variable Mockito
  location: class TransactionalTestExecutionListenerTests
/home/ubuntu/bugs/spring-framework/spring-test/src/main/java/org/springframework/test/context/transaction/TransactionalTestExecutionListenerTests.java:61: error: cannot find symbol
		when(testContext.getTestInstance()).thenReturn(instance);
		^
  symbol:   method when(Object)
  location: class TransactionalTestExecutionListenerTests
/home/ubuntu/bugs/spring-framework/spring-test/src/main/java/org/springframework/test/context/transaction/TransactionalTestExecutionListenerTests.java:62: error: cannot find symbol
		when(testContext.getTestMethod()).thenReturn(clazz.getDeclaredMethod("transactionalTest"));
		^
  symbol:   method when(Method)
  location: class TransactionalTestExecutionListenerTests
/home/ubuntu/bugs/spring-framework/spring-test/src/main/java/org/springframework/test/context/transaction/TransactionalTestExecutionListenerTests.java:71: error: cannot find symbol
		Mockito.<Class<?>> when(testContext.getTestClass()).thenReturn(clazz);
		^
  symbol:   variable Mockito
  location: class TransactionalTestExecutionListenerTests
/home/ubuntu/bugs/spring-framework/spring-test/src/main/java/org/springframework/test/context/transaction/TransactionalTestExecutionListenerTests.java:73: error: cannot find symbol
		when(testContext.getTestInstance()).thenReturn(instance);
		^
  symbol:   method when(Object)
  location: class TransactionalTestExecutionListenerTests
/home/ubuntu/bugs/spring-framework/spring-test/src/main/java/org/springframework/test/context/transaction/TransactionalTestExecutionListenerTests.java:74: error: cannot find symbol
		when(testContext.getTestMethod()).thenReturn(clazz.getDeclaredMethod("nonTransactionalTest"));
		^
  symbol:   method when(Method)
  location: class TransactionalTestExecutionListenerTests
/home/ubuntu/bugs/spring-framework/spring-test/src/main/java/org/springframework/test/context/transaction/TransactionalTestExecutionListenerTests.java:87: error: cannot find symbol
		Mockito.<Class<?>> when(testContext.getTestClass()).thenReturn(clazz);
		^
  symbol:   variable Mockito
  location: class TransactionalTestExecutionListenerTests
/home/ubuntu/bugs/spring-framework/spring-test/src/main/java/org/springframework/test/context/transaction/TransactionalTestExecutionListenerTests.java:89: error: cannot find symbol
		when(testContext.getTestInstance()).thenReturn(instance);
		^
  symbol:   method when(Object)
  location: class TransactionalTestExecutionListenerTests
/home/ubuntu/bugs/spring-framework/spring-test/src/main/java/org/springframework/test/context/transaction/TransactionalTestExecutionListenerTests.java:90: error: cannot find symbol
		when(testContext.getTestMethod()).thenReturn(clazz.getDeclaredMethod("transactionalTest"));
		^
  symbol:   method when(Method)
  location: class TransactionalTestExecutionListenerTests
/home/ubuntu/bugs/spring-framework/spring-test/src/main/java/org/springframework/test/context/transaction/TransactionalTestExecutionListenerTests.java:92: error: cannot find symbol
		when(tm.getTransaction(Mockito.any(TransactionDefinition.class))).thenReturn(new SimpleTransactionStatus());
		                       ^
  symbol:   variable Mockito
  location: class TransactionalTestExecutionListenerTests
/home/ubuntu/bugs/spring-framework/spring-test/src/main/java/org/springframework/test/context/transaction/TransactionalTestExecutionListenerTests.java:101: error: cannot find symbol
		Mockito.<Class<?>> when(testContext.getTestClass()).thenReturn(clazz);
		^
  symbol:   variable Mockito
  location: class TransactionalTestExecutionListenerTests
/home/ubuntu/bugs/spring-framework/spring-test/src/main/java/org/springframework/test/context/transaction/TransactionalTestExecutionListenerTests.java:103: error: cannot find symbol
		when(testContext.getTestInstance()).thenReturn(instance);
		^
  symbol:   method when(Object)
  location: class TransactionalTestExecutionListenerTests
/home/ubuntu/bugs/spring-framework/spring-test/src/main/java/org/springframework/test/context/transaction/TransactionalTestExecutionListenerTests.java:104: error: cannot find symbol
		when(testContext.getTestMethod()).thenReturn(clazz.getDeclaredMethod("nonTransactionalTest"));
		^
  symbol:   method when(Method)
  location: class TransactionalTestExecutionListenerTests
Note: Some input files use or override a deprecated API.
Note: Recompile with -Xlint:deprecation for details.
17 errors
 FAILED

FAILURE: Build failed with an exception.

* What went wrong:
Execution failed for task ':spring-test:compileJava'.
> Compilation failed; see the compiler error output for details.

* Try:
Run with --stacktrace option to get the stack trace. Run with --info or --debug option to get more log output.

BUILD FAILED

Total time: 51.169 secs
