:buildSrc:compileJava UP-TO-DATE
:buildSrc:compileGroovy
:buildSrc:processResources
:buildSrc:classes
:buildSrc:jar
:buildSrc:assemble
:buildSrc:compileTestJava UP-TO-DATE
:buildSrc:compileTestGroovy UP-TO-DATE
:buildSrc:processTestResources UP-TO-DATE
:buildSrc:testClasses UP-TO-DATE
:buildSrc:test
:buildSrc:check
:buildSrc:build
:assemble
:build
:spring-core:cglibRepackJar
:spring-core:compileJava/home/ubuntu/bugs/spring-framework/spring-core/src/main/java/org/springframework/core/GenericCollectionTypeResolver.java:281: error: cannot find symbol
				methodParam.typeVariableMap, methodParam.typeIndexesPerLevel, methodParam.getNestingLevel(), 1);
				           ^
  symbol:   variable typeVariableMap
  location: variable methodParam of type MethodParameter
Note: Some input files use or override a deprecated API.
Note: Recompile with -Xlint:deprecation for details.
Note: Some input files use unchecked or unsafe operations.
Note: Recompile with -Xlint:unchecked for details.
1 error
 FAILED

FAILURE: Build failed with an exception.

* What went wrong:
Execution failed for task ':spring-core:compileJava'.
> Compilation failed; see the compiler error output for details.

* Try:
Run with --stacktrace option to get the stack trace. Run with --info or --debug option to get more log output.

BUILD FAILED

Total time: 26.28 secs
