:buildSrc:compileJava UP-TO-DATE
:buildSrc:compileGroovy
:buildSrc:processResources
:buildSrc:classes
:buildSrc:jar
:buildSrc:assemble
:buildSrc:compileTestJava UP-TO-DATE
:buildSrc:compileTestGroovy UP-TO-DATE
:buildSrc:processTestResources UP-TO-DATE
:buildSrc:testClasses UP-TO-DATE
:buildSrc:test UP-TO-DATE
:buildSrc:check UP-TO-DATE
:buildSrc:build
:assemble
:build
:spring-core:cglibRepackJar
:spring-core:objenesisRepackJar
:spring-core:compileJava/home/ubuntu/bugs/spring-framework/spring-core/src/main/java/org/springframework/core/io/buffer/support/DataBufferUtils.java:191: error: cannot find symbol
				sub.fail(ex);
				   ^
  symbol:   method fail(IOException)
  location: variable sub of type SynchronousSink<DataBuffer>
1 error
 FAILED

FAILURE: Build failed with an exception.

* What went wrong:
Execution failed for task ':spring-core:compileJava'.
> Compilation failed; see the compiler error output for details.

* Try:
Run with --stacktrace option to get the stack trace. Run with --info or --debug option to get more log output.

BUILD FAILED

Total time: 19.392 secs
