:buildSrc:compileJava UP-TO-DATE
:buildSrc:compileGroovy
:buildSrc:processResources
:buildSrc:classes
:buildSrc:jar
:buildSrc:assemble
:buildSrc:compileTestJava UP-TO-DATE
:buildSrc:compileTestGroovy UP-TO-DATE
:buildSrc:processTestResources UP-TO-DATE
:buildSrc:testClasses UP-TO-DATE
:buildSrc:test UP-TO-DATE
:buildSrc:check UP-TO-DATE
:buildSrc:build
:assemble
:build
:spring-core:cglibRepackJar
:spring-core:compileJava
:spring-core:processResources UP-TO-DATE
:spring-core:classes
:spring-core:objenesisRepackJar
:spring-core:jar
:spring-beans:compileJava
:spring-beans:processResources
:spring-beans:classes
:spring-beans-groovy:compileJava SKIPPED
:spring-beans-groovy:compileGroovywarning: [options] bootstrap class path not set in conjunction with -source 1.6
1 warning

:spring-beans-groovy:processResources UP-TO-DATE
:spring-beans-groovy:classes
:spring-beans:jar
:spring-aop:compileJava
:spring-aop:processResources
:spring-aop:classes
:spring-aop:jar
:spring-aop:sourcesJar
:spring-aop:assemble
:spring-aop:build
:spring-expression:compileJava
:spring-expression:processResources UP-TO-DATE
:spring-expression:classes
:spring-expression:jar
:spring-instrument:compileJava
:spring-instrument:processResources UP-TO-DATE
:spring-instrument:classes
:spring-instrument:jar
:spring-context:compileJava
:spring-context:compileGroovy UP-TO-DATE
:spring-context:processResources
:spring-context:classes
:spring-context:jar
:spring-tx:compileJava
:spring-tx:processResources
:spring-tx:classes
:spring-tx:jar
:spring-jdbc:compileJava
:spring-jdbc:processResources
:spring-jdbc:classes
:spring-jdbc:jar
:spring-context-support:compileJava
:spring-context-support:processResources
:spring-context-support:classes
:spring-context-support:jar
:spring-oxm:compileJava
:spring-oxm:processResources
:spring-oxm:classes
:spring-oxm:jar
:spring-web:compileJava/home/ubuntu/bugs/spring-framework/spring-web/src/main/java/org/springframework/http/ResponseEntityBuilder.java:91: warning: [rawtypes] found raw type: ResponseHeadersBuilder
	public static ResponseHeadersBuilder ok(Object body) {
	              ^
  missing type arguments for generic class ResponseHeadersBuilder<B>
  where B is a type-variable:
    B extends ResponseHeadersBuilder<B> declared in interface ResponseHeadersBuilder
/home/ubuntu/bugs/spring-framework/spring-web/src/main/java/org/springframework/http/ResponseEntityBuilder.java:123: warning: [rawtypes] found raw type: ResponseHeadersBuilder
	public static ResponseHeadersBuilder noContent() {
	              ^
  missing type arguments for generic class ResponseHeadersBuilder<B>
  where B is a type-variable:
    B extends ResponseHeadersBuilder<B> declared in interface ResponseHeadersBuilder
/home/ubuntu/bugs/spring-framework/spring-web/src/main/java/org/springframework/http/ResponseEntityBuilder.java:275: warning: [rawtypes] found raw type: ResponseEntity
			return new ResponseEntity(body, headers, status);
			           ^
  missing type arguments for generic class ResponseEntity<T>
  where T is a type-variable:
    T extends Object declared in class ResponseEntity
error: warnings found and -Werror specified
1 error
3 warnings
 FAILED

FAILURE: Build failed with an exception.

* What went wrong:
Execution failed for task ':spring-web:compileJava'.
> Compilation failed; see the compiler error output for details.

* Try:
Run with --stacktrace option to get the stack trace. Run with --info or --debug option to get more log output.

BUILD FAILED

Total time: 38.184 secs
