:buildSrc:compileJava UP-TO-DATE
:buildSrc:compileGroovy
:buildSrc:processResources
:buildSrc:classes
:buildSrc:jar
:buildSrc:assemble
:buildSrc:compileTestJava UP-TO-DATE
:buildSrc:compileTestGroovy UP-TO-DATE
:buildSrc:processTestResources UP-TO-DATE
:buildSrc:testClasses UP-TO-DATE
:buildSrc:test UP-TO-DATE
:buildSrc:check UP-TO-DATE
:buildSrc:build
:assemble
:build
:spring-core:cglibRepackJar
:spring-core:compileJava
:spring-core:processResources UP-TO-DATE
:spring-core:classes
:spring-core:objenesisRepackJar
:spring-core:jar
:spring-beans:compileJava
:spring-beans:processResources
:spring-beans:classes
:spring-beans-groovy:compileJava SKIPPED
:spring-beans-groovy:compileGroovywarning: [options] bootstrap class path not set in conjunction with -source 1.6
1 warning

:spring-beans-groovy:processResources UP-TO-DATE
:spring-beans-groovy:classes
:spring-beans:jar
:spring-aop:compileJava
:spring-aop:processResources
:spring-aop:classes
:spring-aop:jar
:spring-aop:sourcesJar
:spring-aop:assemble
:spring-aop:build
:spring-expression:compileJava
:spring-expression:processResources UP-TO-DATE
:spring-expression:classes
:spring-expression:jar
:spring-instrument:compileJava
:spring-instrument:processResources UP-TO-DATE
:spring-instrument:classes
:spring-instrument:jar
:spring-context:compileJava
:spring-context:compileGroovy UP-TO-DATE
:spring-context:processResources
:spring-context:classes
:spring-context:jar
:spring-tx:compileJava
:spring-tx:processResources
:spring-tx:classes
:spring-tx:jar
:spring-jdbc:compileJava
:spring-jdbc:processResources
:spring-jdbc:classes
:spring-jdbc:jar
:spring-context-support:compileJava
:spring-context-support:processResources
:spring-context-support:classes
:spring-context-support:jar
:spring-oxm:compileJava
:spring-oxm:processResources
:spring-oxm:classes
:spring-oxm:jar
:spring-web:compileJava
:spring-web:processResources
:spring-web:classes
:spring-web:jar
:spring-orm:compileJava
:spring-orm:processResources UP-TO-DATE
:spring-orm:classes
:spring-orm-hibernate4:compileJava
:spring-orm-hibernate4:processResources UP-TO-DATE
:spring-orm-hibernate4:classes
:spring-orm:jar
:spring-aspects:compileJava
[ant:iajc] /home/ubuntu/bugs/spring-framework/spring-aspects/src/main/java/org/springframework/mock/staticmock/AnnotationDrivenStaticEntityMockingControl.aj:49 [error] AbstractMethodMockingControl cannot be resolved to a type
[ant:iajc] public aspect AnnotationDrivenStaticEntityMockingControl extends AbstractMethodMockingControl {
[ant:iajc]                                                                  ^^^^^^^^^^^^^^^^^^^^^^^^^^^
[ant:iajc] /home/ubuntu/bugs/spring-framework/spring-aspects/src/main/java/org/springframework/mock/staticmock/AnnotationDrivenStaticEntityMockingControl.aj:57 [error] The method aspectOf() is undefined for the type AnnotationDrivenStaticEntityMockingControl
[ant:iajc] AnnotationDrivenStaticEntityMockingControl.aspectOf().expectReturnInternal(retVal);
[ant:iajc]                                            ^^^^^
[ant:iajc] /home/ubuntu/bugs/spring-framework/spring-aspects/src/main/java/org/springframework/mock/staticmock/AnnotationDrivenStaticEntityMockingControl.aj:66 [error] The method aspectOf() is undefined for the type AnnotationDrivenStaticEntityMockingControl
[ant:iajc] AnnotationDrivenStaticEntityMockingControl.aspectOf().expectThrowInternal(throwable);
[ant:iajc]                                            ^^^^^
[ant:iajc] /home/ubuntu/bugs/spring-framework/spring-aspects/src/main/java/org/springframework/mock/staticmock/AnnotationDrivenStaticEntityMockingControl.aj:75 [error] The method aspectOf() is undefined for the type AnnotationDrivenStaticEntityMockingControl
[ant:iajc] AnnotationDrivenStaticEntityMockingControl.aspectOf().playbackInternal();
[ant:iajc]                                            ^^^^^
[ant:iajc] /home/ubuntu/bugs/spring-framework/spring-aspects/src/main/java/org/springframework/mock/staticmock/AbstractMethodMockingControl.aj:188 [error] Syntax error, insert "aspect Identifier" to complete aspect header
[ant:iajc] private final Expectations expectations = new Expectations();
[ant:iajc]         ^^^
[ant:iajc] /home/ubuntu/bugs/spring-framework/spring-aspects/src/main/java/org/springframework/mock/staticmock/AbstractMethodMockingControl.aj:188 [error] Syntax error on token ")", { expected after this token
[ant:iajc] private final Expectations expectations = new Expectations();
[ant:iajc]                                                            
[ant:iajc] 
[ant:iajc] 6 errors
:spring-aspects:compileJava FAILED

FAILURE: Build failed with an exception.

* Where:
Script '/home/ubuntu/bugs/spring-framework/spring-aspects/aspects.gradle' line: 37

* What went wrong:
Execution failed for task ':spring-aspects:compileJava'.
> compile errors: 6

* Try:
Run with --stacktrace option to get the stack trace. Run with --info or --debug option to get more log output.

BUILD FAILED

Total time: 45.033 secs
