[INFO] Scanning for projects...
[WARNING] 
[WARNING] Some problems were encountered while building the effective model for org.apache.commons:commons-math:jar:3.0-SNAPSHOT
[WARNING] 'build.plugins.plugin.version' for org.apache.maven.plugins:maven-idea-plugin is missing. @ org.apache.commons:commons-parent:20, /home/ubuntu/.m2/repository/org/apache/commons/commons-parent/20/commons-parent-20.pom, line 316, column 15
[WARNING] 
[WARNING] It is highly recommended to fix these problems because they threaten the stability of your build.
[WARNING] 
[WARNING] For this reason, future Maven versions might no longer support building such malformed projects.
[WARNING] 
[INFO]                                                                         
[INFO] ------------------------------------------------------------------------
[INFO] Building Commons Math 3.0-SNAPSHOT
[INFO] ------------------------------------------------------------------------
[INFO] 
[INFO] --- maven-antrun-plugin:1.5:run (javadoc.resources) @ commons-math ---
[INFO] Executing tasks

main:
     [copy] Copying 2 files to /home/ubuntu/bugs/projects/Math/target/apidocs/META-INF
[INFO] Executed tasks
[INFO] 
[INFO] --- maven-remote-resources-plugin:1.0:process (default) @ commons-math ---
[INFO] Setting property: classpath.resource.loader.class => 'org.codehaus.plexus.velocity.ContextClassLoaderResourceLoader'.
[INFO] Setting property: velocimacro.messages.on => 'false'.
[INFO] Setting property: resource.loader => 'classpath'.
[INFO] Setting property: resource.manager.logwhenfound => 'false'.
[INFO] 
[INFO] --- maven-resources-plugin:2.4.1:resources (default-resources) @ commons-math ---
[INFO] Using 'UTF-8' encoding to copy filtered resources.
[INFO] Copying 2 resources to META-INF
[INFO] Copying 1 resource to META-INF/localization
[INFO] 
[INFO] --- maven-compiler-plugin:2.1:compile (default-compile) @ commons-math ---
[INFO] Compiling 555 source files to /home/ubuntu/bugs/projects/Math/target/classes
[INFO] -------------------------------------------------------------
[ERROR] COMPILATION ERROR : 
[INFO] -------------------------------------------------------------
[ERROR] /home/ubuntu/bugs/projects/Math/src/main/java/org/apache/commons/math/analysis/solvers/RegulaFalsiSolver.java:[38,39] error: cannot find symbol

[ERROR]  class BaseBracketedSecantSolver
/home/ubuntu/bugs/projects/Math/src/main/java/org/apache/commons/math/analysis/solvers/IllinoisSolver.java:[41,36] error: cannot find symbol

[ERROR]  class BaseBracketedSecantSolver
/home/ubuntu/bugs/projects/Math/src/main/java/org/apache/commons/math/analysis/solvers/BaseSecantSolver.java:[50,44] error: type BracketedUnivariateRealSolver does not take parameters

[ERROR] /home/ubuntu/bugs/projects/Math/src/main/java/org/apache/commons/math/analysis/solvers/PegasusSolver.java:[43,35] error: cannot find symbol

[ERROR]  class BaseBracketedSecantSolver
/home/ubuntu/bugs/projects/Math/src/main/java/org/apache/commons/math/analysis/solvers/RegulaFalsiSolver.java:[41,14] error: cannot find symbol

[ERROR]  class RegulaFalsiSolver
/home/ubuntu/bugs/projects/Math/src/main/java/org/apache/commons/math/analysis/solvers/RegulaFalsiSolver.java:[41,41] error: cannot find symbol

[ERROR]  class RegulaFalsiSolver
/home/ubuntu/bugs/projects/Math/src/main/java/org/apache/commons/math/analysis/solvers/RegulaFalsiSolver.java:[50,32] error: cannot find symbol

[ERROR]  class RegulaFalsiSolver
/home/ubuntu/bugs/projects/Math/src/main/java/org/apache/commons/math/analysis/solvers/RegulaFalsiSolver.java:[61,50] error: cannot find symbol

[ERROR]  class RegulaFalsiSolver
/home/ubuntu/bugs/projects/Math/src/main/java/org/apache/commons/math/analysis/solvers/IllinoisSolver.java:[44,14] error: cannot find symbol

[ERROR]  class IllinoisSolver
/home/ubuntu/bugs/projects/Math/src/main/java/org/apache/commons/math/analysis/solvers/IllinoisSolver.java:[44,41] error: cannot find symbol

[ERROR]  class IllinoisSolver
/home/ubuntu/bugs/projects/Math/src/main/java/org/apache/commons/math/analysis/solvers/IllinoisSolver.java:[53,32] error: cannot find symbol

[ERROR]  class IllinoisSolver
/home/ubuntu/bugs/projects/Math/src/main/java/org/apache/commons/math/analysis/solvers/IllinoisSolver.java:[64,50] error: cannot find symbol

[ERROR]  class IllinoisSolver
/home/ubuntu/bugs/projects/Math/src/main/java/org/apache/commons/math/analysis/solvers/BaseSecantSolver.java:[69,48] error: cannot find symbol

[ERROR]  class AllowedSolutions
/home/ubuntu/bugs/projects/Math/src/main/java/org/apache/commons/math/analysis/solvers/BaseSecantSolver.java:[84,48] error: cannot find symbol

[ERROR]  class AllowedSolutions
/home/ubuntu/bugs/projects/Math/src/main/java/org/apache/commons/math/analysis/solvers/BaseSecantSolver.java:[107,71] error: cannot find symbol

[ERROR]  class AllowedSolutions
/home/ubuntu/bugs/projects/Math/src/main/java/org/apache/commons/math/analysis/solvers/BaseSecantSolver.java:[180,21] error: an enum switch case label must be the unqualified name of an enumeration constant

[ERROR] /home/ubuntu/bugs/projects/Math/src/main/java/org/apache/commons/math/analysis/solvers/BaseSecantSolver.java:[212,21] error: an enum switch case label must be the unqualified name of an enumeration constant

[ERROR] /home/ubuntu/bugs/projects/Math/src/main/java/org/apache/commons/math/analysis/solvers/PegasusSolver.java:[46,14] error: cannot find symbol

[ERROR]  class PegasusSolver
/home/ubuntu/bugs/projects/Math/src/main/java/org/apache/commons/math/analysis/solvers/PegasusSolver.java:[46,41] error: cannot find symbol

[ERROR]  class PegasusSolver
/home/ubuntu/bugs/projects/Math/src/main/java/org/apache/commons/math/analysis/solvers/PegasusSolver.java:[55,32] error: cannot find symbol

[ERROR]  class PegasusSolver
/home/ubuntu/bugs/projects/Math/src/main/java/org/apache/commons/math/analysis/solvers/PegasusSolver.java:[66,50] error: cannot find symbol

[INFO] 21 errors 
[INFO] -------------------------------------------------------------
[INFO] ------------------------------------------------------------------------
[INFO] BUILD FAILURE
[INFO] ------------------------------------------------------------------------
[INFO] Total time: 6.028 s
[INFO] Finished at: 2019-01-14T21:42:09+00:00
[INFO] Final Memory: 18M/289M
[INFO] ------------------------------------------------------------------------
[ERROR] Failed to execute goal org.apache.maven.plugins:maven-compiler-plugin:2.1:compile (default-compile) on project commons-math: Compilation failure: Compilation failure:
[ERROR] /home/ubuntu/bugs/projects/Math/src/main/java/org/apache/commons/math/analysis/solvers/RegulaFalsiSolver.java:[38,39] error: cannot find symbol
[ERROR] 
[ERROR] class BaseBracketedSecantSolver
[ERROR] /home/ubuntu/bugs/projects/Math/src/main/java/org/apache/commons/math/analysis/solvers/IllinoisSolver.java:[41,36] error: cannot find symbol
[ERROR] 
[ERROR] class BaseBracketedSecantSolver
[ERROR] /home/ubuntu/bugs/projects/Math/src/main/java/org/apache/commons/math/analysis/solvers/BaseSecantSolver.java:[50,44] error: type BracketedUnivariateRealSolver does not take parameters
[ERROR] 
[ERROR] /home/ubuntu/bugs/projects/Math/src/main/java/org/apache/commons/math/analysis/solvers/PegasusSolver.java:[43,35] error: cannot find symbol
[ERROR] 
[ERROR] class BaseBracketedSecantSolver
[ERROR] /home/ubuntu/bugs/projects/Math/src/main/java/org/apache/commons/math/analysis/solvers/RegulaFalsiSolver.java:[41,14] error: cannot find symbol
[ERROR] 
[ERROR] class RegulaFalsiSolver
[ERROR] /home/ubuntu/bugs/projects/Math/src/main/java/org/apache/commons/math/analysis/solvers/RegulaFalsiSolver.java:[41,41] error: cannot find symbol
[ERROR] 
[ERROR] class RegulaFalsiSolver
[ERROR] /home/ubuntu/bugs/projects/Math/src/main/java/org/apache/commons/math/analysis/solvers/RegulaFalsiSolver.java:[50,32] error: cannot find symbol
[ERROR] 
[ERROR] class RegulaFalsiSolver
[ERROR] /home/ubuntu/bugs/projects/Math/src/main/java/org/apache/commons/math/analysis/solvers/RegulaFalsiSolver.java:[61,50] error: cannot find symbol
[ERROR] 
[ERROR] class RegulaFalsiSolver
[ERROR] /home/ubuntu/bugs/projects/Math/src/main/java/org/apache/commons/math/analysis/solvers/IllinoisSolver.java:[44,14] error: cannot find symbol
[ERROR] 
[ERROR] class IllinoisSolver
[ERROR] /home/ubuntu/bugs/projects/Math/src/main/java/org/apache/commons/math/analysis/solvers/IllinoisSolver.java:[44,41] error: cannot find symbol
[ERROR] 
[ERROR] class IllinoisSolver
[ERROR] /home/ubuntu/bugs/projects/Math/src/main/java/org/apache/commons/math/analysis/solvers/IllinoisSolver.java:[53,32] error: cannot find symbol
[ERROR] 
[ERROR] class IllinoisSolver
[ERROR] /home/ubuntu/bugs/projects/Math/src/main/java/org/apache/commons/math/analysis/solvers/IllinoisSolver.java:[64,50] error: cannot find symbol
[ERROR] 
[ERROR] class IllinoisSolver
[ERROR] /home/ubuntu/bugs/projects/Math/src/main/java/org/apache/commons/math/analysis/solvers/BaseSecantSolver.java:[69,48] error: cannot find symbol
[ERROR] 
[ERROR] class AllowedSolutions
[ERROR] /home/ubuntu/bugs/projects/Math/src/main/java/org/apache/commons/math/analysis/solvers/BaseSecantSolver.java:[84,48] error: cannot find symbol
[ERROR] 
[ERROR] class AllowedSolutions
[ERROR] /home/ubuntu/bugs/projects/Math/src/main/java/org/apache/commons/math/analysis/solvers/BaseSecantSolver.java:[107,71] error: cannot find symbol
[ERROR] 
[ERROR] class AllowedSolutions
[ERROR] /home/ubuntu/bugs/projects/Math/src/main/java/org/apache/commons/math/analysis/solvers/BaseSecantSolver.java:[180,21] error: an enum switch case label must be the unqualified name of an enumeration constant
[ERROR] 
[ERROR] /home/ubuntu/bugs/projects/Math/src/main/java/org/apache/commons/math/analysis/solvers/BaseSecantSolver.java:[212,21] error: an enum switch case label must be the unqualified name of an enumeration constant
[ERROR] 
[ERROR] /home/ubuntu/bugs/projects/Math/src/main/java/org/apache/commons/math/analysis/solvers/PegasusSolver.java:[46,14] error: cannot find symbol
[ERROR] 
[ERROR] class PegasusSolver
[ERROR] /home/ubuntu/bugs/projects/Math/src/main/java/org/apache/commons/math/analysis/solvers/PegasusSolver.java:[46,41] error: cannot find symbol
[ERROR] 
[ERROR] class PegasusSolver
[ERROR] /home/ubuntu/bugs/projects/Math/src/main/java/org/apache/commons/math/analysis/solvers/PegasusSolver.java:[55,32] error: cannot find symbol
[ERROR] 
[ERROR] class PegasusSolver
[ERROR] /home/ubuntu/bugs/projects/Math/src/main/java/org/apache/commons/math/analysis/solvers/PegasusSolver.java:[66,50] error: cannot find symbol
[ERROR] -> [Help 1]
[ERROR] 
[ERROR] To see the full stack trace of the errors, re-run Maven with the -e switch.
[ERROR] Re-run Maven using the -X switch to enable full debug logging.
[ERROR] 
[ERROR] For more information about the errors and possible solutions, please read the following articles:
[ERROR] [Help 1] http://cwiki.apache.org/confluence/display/MAVEN/MojoFailureException
