[INFO] Scanning for projects...
[INFO]                                                                         
[INFO] ------------------------------------------------------------------------
[INFO] Building Commons Math 3.3-SNAPSHOT
[INFO] ------------------------------------------------------------------------
Downloading: https://repo.maven.apache.org/maven2/org/jacoco/jacoco-maven-plugin/0.6.3.201306030806/jacoco-maven-plugin-0.6.3.201306030806.pom
3/4 KB   4/4 KB            Downloaded: https://repo.maven.apache.org/maven2/org/jacoco/jacoco-maven-plugin/0.6.3.201306030806/jacoco-maven-plugin-0.6.3.201306030806.pom (4 KB at 5.9 KB/sec)
Downloading: https://repo.maven.apache.org/maven2/org/jacoco/org.jacoco.build/0.6.3.201306030806/org.jacoco.build-0.6.3.201306030806.pom
3/33 KB   5/33 KB   8/33 KB   11/33 KB   13/33 KB   16/33 KB   19/33 KB   21/33 KB   24/33 KB   27/33 KB   29/33 KB   32/33 KB   33/33 KB              Downloaded: https://repo.maven.apache.org/maven2/org/jacoco/org.jacoco.build/0.6.3.201306030806/org.jacoco.build-0.6.3.201306030806.pom (33 KB at 391.8 KB/sec)
Downloading: https://repo.maven.apache.org/maven2/org/jacoco/jacoco-maven-plugin/0.6.3.201306030806/jacoco-maven-plugin-0.6.3.201306030806.jar
3/36 KB    5/36 KB   8/36 KB   11/36 KB   13/36 KB   16/36 KB   19/36 KB   21/36 KB   24/36 KB   27/36 KB   29/36 KB   32/36 KB   35/36 KB   36/36 KB              Downloaded: https://repo.maven.apache.org/maven2/org/jacoco/jacoco-maven-plugin/0.6.3.201306030806/jacoco-maven-plugin-0.6.3.201306030806.jar (36 KB at 461.4 KB/sec)
[INFO] 
[INFO] --- maven-antrun-plugin:1.7:run (javadoc.resources) @ commons-math3 ---
[INFO] Executing tasks

main:
     [copy] Copying 2 files to /home/ubuntu/bugs/projects/Math/target/apidocs/META-INF
[INFO] Executed tasks
[INFO] 
[INFO] --- maven-remote-resources-plugin:1.4:process (default) @ commons-math3 ---
[INFO] 
[INFO] --- buildnumber-maven-plugin:1.2:create (default) @ commons-math3 ---
[INFO] Checking for local modifications: skipped.
[INFO] Updating project files from SCM: skipped.
[INFO] Executing: /bin/sh -c cd /home/ubuntu/bugs/projects/Math && svn --non-interactive info
[INFO] Working directory: /home/ubuntu/bugs/projects/Math
[INFO] Storing buildNumber: ?????? at timestamp: 1547474792580
[INFO] Executing: /bin/sh -c cd /home/ubuntu/bugs/projects/Math && svn --non-interactive info
[INFO] Working directory: /home/ubuntu/bugs/projects/Math
[INFO] Storing buildScmBranch: UNKNOWN_BRANCH
[INFO] 
[INFO] --- maven-resources-plugin:2.6:resources (default-resources) @ commons-math3 ---
[INFO] Using 'UTF-8' encoding to copy filtered resources.
[INFO] Copying 2 resources
[INFO] Copying 2 resources to META-INF
[INFO] 
[INFO] --- maven-compiler-plugin:3.1:compile (default-compile) @ commons-math3 ---
[INFO] Changes detected - recompiling the module!
[INFO] Compiling 808 source files to /home/ubuntu/bugs/projects/Math/target/classes
[WARNING] /home/ubuntu/bugs/projects/Math/src/main/java/org/apache/commons/math3/distribution/AbstractIntegerDistribution.java: Some input files use or override a deprecated API.
[WARNING] /home/ubuntu/bugs/projects/Math/src/main/java/org/apache/commons/math3/distribution/AbstractIntegerDistribution.java: Recompile with -Xlint:deprecation for details.
[WARNING] /home/ubuntu/bugs/projects/Math/src/main/java/org/apache/commons/math3/optim/AbstractOptimizer.java: /home/ubuntu/bugs/projects/Math/src/main/java/org/apache/commons/math3/optim/AbstractOptimizer.java uses unchecked or unsafe operations.
[WARNING] /home/ubuntu/bugs/projects/Math/src/main/java/org/apache/commons/math3/optim/AbstractOptimizer.java: Recompile with -Xlint:unchecked for details.
[INFO] 
[INFO] --- maven-bundle-plugin:2.4.0:manifest (bundle-manifest) @ commons-math3 ---
[INFO] 
[INFO] --- maven-resources-plugin:2.6:testResources (default-testResources) @ commons-math3 ---
[INFO] Not copying test resources
[INFO] 
[INFO] --- maven-compiler-plugin:3.1:testCompile (default-testCompile) @ commons-math3 ---
[INFO] Not compiling test sources
[INFO] 
[INFO] --- jacoco-maven-plugin:0.6.3.201306030806:prepare-agent (prepare-agent) @ commons-math3 ---
Downloading: https://repo.maven.apache.org/maven2/org/jacoco/org.jacoco.agent/0.6.3.201306030806/org.jacoco.agent-0.6.3.201306030806.pom
3/3 KB     3/3 KB            Downloaded: https://repo.maven.apache.org/maven2/org/jacoco/org.jacoco.agent/0.6.3.201306030806/org.jacoco.agent-0.6.3.201306030806.pom (3 KB at 48.6 KB/sec)
Downloading: https://repo.maven.apache.org/maven2/org/jacoco/org.jacoco.core/0.6.3.201306030806/org.jacoco.core-0.6.3.201306030806.pom
2/2 KB            Downloaded: https://repo.maven.apache.org/maven2/org/jacoco/org.jacoco.core/0.6.3.201306030806/org.jacoco.core-0.6.3.201306030806.pom (2 KB at 22.9 KB/sec)
Downloading: https://repo.maven.apache.org/maven2/org/jacoco/org.jacoco.report/0.6.3.201306030806/org.jacoco.report-0.6.3.201306030806.pom
2/2 KB            Downloaded: https://repo.maven.apache.org/maven2/org/jacoco/org.jacoco.report/0.6.3.201306030806/org.jacoco.report-0.6.3.201306030806.pom (2 KB at 24.9 KB/sec)
Downloading: https://repo.maven.apache.org/maven2/org/jacoco/org.jacoco.agent/0.6.3.201306030806/org.jacoco.agent-0.6.3.201306030806-runtime.jar
Downloading: https://repo.maven.apache.org/maven2/org/jacoco/org.jacoco.report/0.6.3.201306030806/org.jacoco.report-0.6.3.201306030806.jar
Downloading: https://repo.maven.apache.org/maven2/org/jacoco/org.jacoco.core/0.6.3.201306030806/org.jacoco.core-0.6.3.201306030806.jar
3/195 KB   5/195 KB   8/195 KB   11/195 KB   13/195 KB   16/195 KB   19/195 KB   21/195 KB   24/195 KB   27/195 KB   29/195 KB   32/195 KB   36/195 KB   40/195 KB   44/195 KB   48/195 KB   52/195 KB   56/195 KB   60/195 KB   64/195 KB   68/195 KB   72/195 KB   76/195 KB   80/195 KB   84/195 KB   88/195 KB   92/195 KB   96/195 KB   100/195 KB   104/195 KB   108/195 KB   112/195 KB   116/195 KB   120/195 KB   124/195 KB   128/195 KB   132/195 KB   136/195 KB   140/195 KB   144/195 KB   148/195 KB   152/195 KB   156/195 KB   160/195 KB   164/195 KB   168/195 KB   172/195 KB   176/195 KB   180/195 KB   184/195 KB   188/195 KB   192/195 KB   195/195 KB   195/195 KB   3/135 KB   195/195 KB   5/135 KB   195/195 KB   5/135 KB   3/127 KB   195/195 KB   8/135 KB   3/127 KB   195/195 KB   8/135 KB   5/127 KB   195/195 KB   8/135 KB   8/127 KB                                      Downloaded: https://repo.maven.apache.org/maven2/org/jacoco/org.jacoco.agent/0.6.3.201306030806/org.jacoco.agent-0.6.3.201306030806-runtime.jar (195 KB at 1677.6 KB/sec)
11/135 KB   8/127 KB               13/135 KB   8/127 KB   16/135 KB   8/127 KB   19/135 KB   8/127 KB   19/135 KB   11/127 KB   21/135 KB   13/127 KB   21/135 KB   13/127 KB   21/135 KB   16/127 KB   24/135 KB   16/127 KB   24/135 KB   19/127 KB   24/135 KB   21/127 KB   27/135 KB   21/127 KB   27/135 KB   24/127 KB   29/135 KB   24/127 KB   29/135 KB   27/127 KB   32/135 KB   27/127 KB   32/135 KB   29/127 KB   32/135 KB   32/127 KB   36/135 KB   32/127 KB   40/135 KB   32/127 KB   44/135 KB   32/127 KB   48/135 KB   32/127 KB   52/135 KB   32/127 KB   56/135 KB   32/127 KB   56/135 KB   36/127 KB   60/135 KB   36/127 KB   60/135 KB   40/127 KB   64/135 KB   40/127 KB   64/135 KB   44/127 KB   64/135 KB   48/127 KB   68/135 KB   48/127 KB   72/135 KB   48/127 KB   72/135 KB   52/127 KB   76/135 KB   52/127 KB   76/135 KB   56/127 KB   80/135 KB   56/127 KB   80/135 KB   60/127 KB   80/135 KB   64/127 KB   80/135 KB   68/127 KB   80/135 KB   72/127 KB   80/135 KB   76/127 KB   80/135 KB   80/127 KB   84/135 KB   80/127 KB   88/135 KB   80/127 KB   92/135 KB   80/127 KB   96/135 KB   80/127 KB   100/135 KB   80/127 KB   104/135 KB   80/127 KB   104/135 KB   84/127 KB   108/135 KB   84/127 KB   108/135 KB   88/127 KB   112/135 KB   88/127 KB   112/135 KB   92/127 KB   116/135 KB   92/127 KB   116/135 KB   96/127 KB   120/135 KB   96/127 KB   124/135 KB   96/127 KB   128/135 KB   96/127 KB   128/135 KB   100/127 KB   132/135 KB   100/127 KB   132/135 KB   104/127 KB   135/135 KB   104/127 KB   135/135 KB   108/127 KB   135/135 KB   112/127 KB   135/135 KB   116/127 KB   135/135 KB   120/127 KB   135/135 KB   124/127 KB   135/135 KB   127/127 KB                             Downloaded: https://repo.maven.apache.org/maven2/org/jacoco/org.jacoco.report/0.6.3.201306030806/org.jacoco.report-0.6.3.201306030806.jar (135 KB at 648.8 KB/sec)
                          Downloaded: https://repo.maven.apache.org/maven2/org/jacoco/org.jacoco.core/0.6.3.201306030806/org.jacoco.core-0.6.3.201306030806.jar (127 KB at 564.1 KB/sec)
[INFO] argLine set to -javaagent:/home/ubuntu/.m2/repository/org/jacoco/org.jacoco.agent/0.6.3.201306030806/org.jacoco.agent-0.6.3.201306030806-runtime.jar=destfile=/home/ubuntu/bugs/projects/Math/target/jacoco.exec
[INFO] 
[INFO] --- maven-surefire-plugin:2.15:test (default-test) @ commons-math3 ---
[INFO] Tests are skipped.
[INFO] 
[INFO] --- maven-jar-plugin:2.4:jar (default-jar) @ commons-math3 ---
[INFO] Building jar: /home/ubuntu/bugs/projects/Math/target/commons-math3-3.3-SNAPSHOT.jar
[INFO] 
[INFO] --- maven-antrun-plugin:1.7:run (default) @ commons-math3 ---
[INFO] Executing tasks

main:
      [jar] Building jar: /home/ubuntu/bugs/projects/Math/target/commons-math3-tools-3.3-SNAPSHOT.jar
[INFO] Executed tasks
[INFO] 
[INFO] --- maven-site-plugin:3.3:attach-descriptor (attach-descriptor) @ commons-math3 ---
[INFO] 
[INFO] --- build-helper-maven-plugin:1.7:attach-artifact (attach-artifacts) @ commons-math3 ---
[INFO] 
[INFO] --- jacoco-maven-plugin:0.6.3.201306030806:check (check) @ commons-math3 ---
[INFO] ------------------------------------------------------------------------
[INFO] BUILD FAILURE
[INFO] ------------------------------------------------------------------------
[INFO] Total time: 15.968 s
[INFO] Finished at: 2019-01-14T14:06:45+00:00
[INFO] Final Memory: 41M/542M
[INFO] ------------------------------------------------------------------------
[ERROR] Failed to execute goal org.jacoco:jacoco-maven-plugin:0.6.3.201306030806:check (check) on project commons-math3: The parameters 'rules' for goal org.jacoco:jacoco-maven-plugin:0.6.3.201306030806:check are missing or invalid -> [Help 1]
[ERROR] 
[ERROR] To see the full stack trace of the errors, re-run Maven with the -e switch.
[ERROR] Re-run Maven using the -X switch to enable full debug logging.
[ERROR] 
[ERROR] For more information about the errors and possible solutions, please read the following articles:
[ERROR] [Help 1] http://cwiki.apache.org/confluence/display/MAVEN/PluginParameterException
