[INFO] Scanning for projects...
[WARNING] 
[WARNING] Some problems were encountered while building the effective model for org.apache.commons:commons-math:jar:2.0-SNAPSHOT
[WARNING] 'build.plugins.plugin.version' for org.apache.maven.plugins:maven-idea-plugin is missing. @ org.apache.commons:commons-parent:11, /home/ubuntu/.m2/repository/org/apache/commons/commons-parent/11/commons-parent-11.pom, line 255, column 15
[WARNING] The expression ${pom.version} is deprecated. Please use ${project.version} instead.
[WARNING] 
[WARNING] It is highly recommended to fix these problems because they threaten the stability of your build.
[WARNING] 
[WARNING] For this reason, future Maven versions might no longer support building such malformed projects.
[WARNING] 
[INFO]                                                                         
[INFO] ------------------------------------------------------------------------
[INFO] Building Commons Math 2.0-SNAPSHOT
[INFO] ------------------------------------------------------------------------
[INFO] 
[INFO] --- maven-antrun-plugin:1.1:run (javadoc.resources) @ commons-math ---
[INFO] Executing tasks
     [copy] Copying 2 files to /home/ubuntu/bugs/projects/Math/target/apidocs/META-INF
[INFO] Executed tasks
[INFO] 
[INFO] --- maven-resources-plugin:2.6:resources (default-resources) @ commons-math ---
[INFO] Using 'UTF-8' encoding to copy filtered resources.
[INFO] Copying 2 resources to META-INF
[INFO] 
[INFO] --- maven-compiler-plugin:2.0.2:compile (default-compile) @ commons-math ---
[INFO] Compiling 384 source files to /home/ubuntu/bugs/projects/Math/target/classes
[INFO] ------------------------------------------------------------------------
[INFO] BUILD FAILURE
[INFO] ------------------------------------------------------------------------
[INFO] Total time: 4.871 s
[INFO] Finished at: 2019-01-15T01:07:20+00:00
[INFO] Final Memory: 14M/271M
[INFO] ------------------------------------------------------------------------
[ERROR] Failed to execute goal org.apache.maven.plugins:maven-compiler-plugin:2.0.2:compile (default-compile) on project commons-math: Compilation failure: Compilation failure:
[ERROR] /home/ubuntu/bugs/projects/Math/src/java/org/apache/commons/math/ode/MultistepIntegrator.java:[48,30] error: cannot find symbol
[ERROR] 
[ERROR] could not parse error message:   symbol:   class NordsieckTransformer
[ERROR] location: class MultistepIntegrator
[ERROR] /home/ubuntu/bugs/projects/Math/src/java/org/apache/commons/math/ode/MultistepIntegrator.java:110: error: cannot find symbol
[ERROR] transformer = NordsieckTransformer.getInstance(nSteps);
[ERROR] ^
[ERROR] 
[ERROR] could not parse error message:   symbol:   variable NordsieckTransformer
[ERROR] location: class MultistepIntegrator
[ERROR] /home/ubuntu/bugs/projects/Math/src/java/org/apache/commons/math/ode/MultistepIntegrator.java:147: error: cannot find symbol
[ERROR] transformer = NordsieckTransformer.getInstance(nSteps);
[ERROR] ^
[ERROR] 
[ERROR] could not parse error message:   symbol:   variable NordsieckTransformer
[ERROR] location: class MultistepIntegrator
[ERROR] /home/ubuntu/bugs/projects/Math/src/java/org/apache/commons/math/ode/MultistepIntegrator.java:297: error: cannot find symbol
[ERROR] f.set(this, NordsieckTransformer.getInstance(nSteps));
[ERROR] ^
[ERROR] 
[ERROR] could not parse error message:   symbol:   variable NordsieckTransformer
[ERROR] location: class MultistepIntegrator
[ERROR] /home/ubuntu/bugs/projects/Math/src/java/org/apache/commons/math/ode/nonstiff/AdamsMoultonIntegrator.java:200: error: no suitable constructor found for MultistepIntegrator(String,int)
[ERROR] super("Adams-Moulton", order);
[ERROR] ^
[ERROR] 
[ERROR] constructor MultistepIntegrator.MultistepIntegrator(String,int,int,double,double,double,double) is not applicable
[ERROR] (actual and formal argument lists differ in length)
[ERROR] constructor MultistepIntegrator.MultistepIntegrator(String,int,int,double,double,double[],double[]) is not applicable
[ERROR] (actual and formal argument lists differ in length)
[ERROR] /home/ubuntu/bugs/projects/Math/src/java/org/apache/commons/math/ode/nonstiff/AdamsMoultonIntegrator.java:[255,32] error: cannot find symbol
[ERROR] 
[ERROR] could not parse error message:   symbol:   variable previousF
[ERROR] location: class AdamsMoultonIntegrator
[ERROR] /home/ubuntu/bugs/projects/Math/src/java/org/apache/commons/math/ode/nonstiff/AdamsMoultonIntegrator.java:256: error: cannot find symbol
[ERROR] if (Double.isNaN(previousT[0])) {
[ERROR] ^
[ERROR] 
[ERROR] could not parse error message:   symbol:   variable previousT
[ERROR] location: class AdamsMoultonIntegrator
[ERROR] /home/ubuntu/bugs/projects/Math/src/java/org/apache/commons/math/ode/nonstiff/AdamsMoultonIntegrator.java:259: error: cannot find symbol
[ERROR] stepStart = previousT[0];
[ERROR] ^
[ERROR] 
[ERROR] could not parse error message:   symbol:   variable previousT
[ERROR] location: class AdamsMoultonIntegrator
[ERROR] /home/ubuntu/bugs/projects/Math/src/java/org/apache/commons/math/ode/nonstiff/AdamsMoultonIntegrator.java:285: error: cannot find symbol
[ERROR] final double[] f0 = previousF[0];
[ERROR] ^
[ERROR] 
[ERROR] could not parse error message:   symbol:   variable previousF
[ERROR] location: class AdamsMoultonIntegrator
[ERROR] /home/ubuntu/bugs/projects/Math/src/java/org/apache/commons/math/ode/nonstiff/AdamsMoultonIntegrator.java:286: error: cannot find symbol
[ERROR] previousT[0] = stepEnd;
[ERROR] ^
[ERROR] 
[ERROR] could not parse error message:   symbol:   variable previousT
[ERROR] location: class AdamsMoultonIntegrator
[ERROR] /home/ubuntu/bugs/projects/Math/src/java/org/apache/commons/math/ode/nonstiff/AdamsMoultonIntegrator.java:352: error: cannot find symbol
[ERROR] stopTime = start(previousF.length, stepSize, manager, stepStart, y);
[ERROR] ^
[ERROR] 
[ERROR] could not parse error message:   symbol:   variable previousF
[ERROR] location: class AdamsMoultonIntegrator
[ERROR] /home/ubuntu/bugs/projects/Math/src/java/org/apache/commons/math/ode/nonstiff/AdamsMoultonIntegrator.java:353: error: cannot find symbol
[ERROR] if (Double.isNaN(previousT[0])) {
[ERROR] ^
[ERROR] 
[ERROR] could not parse error message:   symbol:   variable previousT
[ERROR] location: class AdamsMoultonIntegrator
[ERROR] /home/ubuntu/bugs/projects/Math/src/java/org/apache/commons/math/ode/nonstiff/AdamsMoultonIntegrator.java:356: error: cannot find symbol
[ERROR] stepStart = previousT[0];
[ERROR] ^
[ERROR] 
[ERROR] could not parse error message:   symbol:   variable previousT
[ERROR] location: class AdamsMoultonIntegrator
[ERROR] /home/ubuntu/bugs/projects/Math/src/java/org/apache/commons/math/ode/nonstiff/AdamsMoultonIntegrator.java:380: error: cannot find symbol
[ERROR] final double[] f0 = previousF[0];
[ERROR] ^
[ERROR] 
[ERROR] could not parse error message:   symbol:   variable previousF
[ERROR] location: class AdamsMoultonIntegrator
[ERROR] /home/ubuntu/bugs/projects/Math/src/java/org/apache/commons/math/ode/nonstiff/AdamsMoultonIntegrator.java:395: error: cannot find symbol
[ERROR] final double[] f0 = previousF[0];
[ERROR] ^
[ERROR] 
[ERROR] could not parse error message:   symbol:   variable previousF
[ERROR] location: class AdamsMoultonIntegrator
[ERROR] /home/ubuntu/bugs/projects/Math/src/java/org/apache/commons/math/ode/nonstiff/AdamsMoultonIntegrator.java:399: error: cannot find symbol
[ERROR] final double[] fI  = previousF[i + 1];
[ERROR] ^
[ERROR] 
[ERROR] could not parse error message:   symbol:   variable previousF
[ERROR] location: class AdamsMoultonIntegrator
[ERROR] /home/ubuntu/bugs/projects/Math/src/java/org/apache/commons/math/ode/nonstiff/AdamsBashforthIntegrator.java:184: error: no suitable constructor found for MultistepIntegrator(String,int)
[ERROR] super("Adams-Bashforth", order);
[ERROR] ^
[ERROR] 
[ERROR] constructor MultistepIntegrator.MultistepIntegrator(String,int,int,double,double,double,double) is not applicable
[ERROR] (actual and formal argument lists differ in length)
[ERROR] constructor MultistepIntegrator.MultistepIntegrator(String,int,int,double,double,double[],double[]) is not applicable
[ERROR] (actual and formal argument lists differ in length)
[ERROR] /home/ubuntu/bugs/projects/Math/src/java/org/apache/commons/math/ode/nonstiff/AdamsBashforthIntegrator.java:[235,32] error: cannot find symbol
[ERROR] 
[ERROR] could not parse error message:   symbol:   variable previousF
[ERROR] location: class AdamsBashforthIntegrator
[ERROR] /home/ubuntu/bugs/projects/Math/src/java/org/apache/commons/math/ode/nonstiff/AdamsBashforthIntegrator.java:236: error: cannot find symbol
[ERROR] if (Double.isNaN(previousT[0])) {
[ERROR] ^
[ERROR] 
[ERROR] could not parse error message:   symbol:   variable previousT
[ERROR] location: class AdamsBashforthIntegrator
[ERROR] /home/ubuntu/bugs/projects/Math/src/java/org/apache/commons/math/ode/nonstiff/AdamsBashforthIntegrator.java:239: error: cannot find symbol
[ERROR] stepStart = previousT[0];
[ERROR] ^
[ERROR] 
[ERROR] could not parse error message:   symbol:   variable previousT
[ERROR] location: class AdamsBashforthIntegrator
[ERROR] /home/ubuntu/bugs/projects/Math/src/java/org/apache/commons/math/ode/nonstiff/AdamsBashforthIntegrator.java:267: error: cannot find symbol
[ERROR] final double[] f0 = previousF[0];
[ERROR] ^
[ERROR] 
[ERROR] could not parse error message:   symbol:   variable previousF
[ERROR] location: class AdamsBashforthIntegrator
[ERROR] /home/ubuntu/bugs/projects/Math/src/java/org/apache/commons/math/ode/nonstiff/AdamsBashforthIntegrator.java:268: error: cannot find symbol
[ERROR] previousT[0] = nextStep;
[ERROR] ^
[ERROR] 
[ERROR] could not parse error message:   symbol:   variable previousT
[ERROR] location: class AdamsBashforthIntegrator
[ERROR] /home/ubuntu/bugs/projects/Math/src/java/org/apache/commons/math/ode/nonstiff/AdamsBashforthIntegrator.java:289: error: cannot find symbol
[ERROR] stopTime = start(previousF.length, stepSize, manager, stepStart, y);
[ERROR] ^
[ERROR] 
[ERROR] could not parse error message:   symbol:   variable previousF
[ERROR] location: class AdamsBashforthIntegrator
[ERROR] /home/ubuntu/bugs/projects/Math/src/java/org/apache/commons/math/ode/nonstiff/AdamsBashforthIntegrator.java:290: error: cannot find symbol
[ERROR] if (Double.isNaN(previousT[0])) {
[ERROR] ^
[ERROR] 
[ERROR] could not parse error message:   symbol:   variable previousT
[ERROR] location: class AdamsBashforthIntegrator
[ERROR] /home/ubuntu/bugs/projects/Math/src/java/org/apache/commons/math/ode/nonstiff/AdamsBashforthIntegrator.java:293: error: cannot find symbol
[ERROR] stepStart = previousT[0];
[ERROR] ^
[ERROR] 
[ERROR] could not parse error message:   symbol:   variable previousT
[ERROR] location: class AdamsBashforthIntegrator
[ERROR] /home/ubuntu/bugs/projects/Math/src/java/org/apache/commons/math/ode/nonstiff/AdamsBashforthIntegrator.java:316: error: cannot find symbol
[ERROR] final double[] f0 = previousF[0];
[ERROR] ^
[ERROR] 
[ERROR] could not parse error message:   symbol:   variable previousF
[ERROR] location: class AdamsBashforthIntegrator
[ERROR] /home/ubuntu/bugs/projects/Math/src/java/org/apache/commons/math/ode/nonstiff/AdamsBashforthIntegrator.java:331: error: cannot find symbol
[ERROR] final double[] f0 = previousF[0];
[ERROR] ^
[ERROR] 
[ERROR] could not parse error message:   symbol:   variable previousF
[ERROR] location: class AdamsBashforthIntegrator
[ERROR] /home/ubuntu/bugs/projects/Math/src/java/org/apache/commons/math/ode/nonstiff/AdamsBashforthIntegrator.java:335: error: cannot find symbol
[ERROR] final double[] fI  = previousF[i + 1];
[ERROR] ^
[ERROR] -> [Help 1]
[ERROR] 
[ERROR] To see the full stack trace of the errors, re-run Maven with the -e switch.
[ERROR] Re-run Maven using the -X switch to enable full debug logging.
[ERROR] 
[ERROR] For more information about the errors and possible solutions, please read the following articles:
[ERROR] [Help 1] http://cwiki.apache.org/confluence/display/MAVEN/MojoFailureException
