[INFO] Scanning for projects...
[WARNING] 
[WARNING] Some problems were encountered while building the effective model for org.apache.commons:commons-math:jar:2.0-SNAPSHOT
[WARNING] 'build.plugins.plugin.version' for org.apache.maven.plugins:maven-idea-plugin is missing. @ org.apache.commons:commons-parent:11, /home/ubuntu/.m2/repository/org/apache/commons/commons-parent/11/commons-parent-11.pom, line 255, column 15
[WARNING] The expression ${pom.version} is deprecated. Please use ${project.version} instead.
[WARNING] 
[WARNING] It is highly recommended to fix these problems because they threaten the stability of your build.
[WARNING] 
[WARNING] For this reason, future Maven versions might no longer support building such malformed projects.
[WARNING] 
[INFO]                                                                         
[INFO] ------------------------------------------------------------------------
[INFO] Building Commons Math 2.0-SNAPSHOT
[INFO] ------------------------------------------------------------------------
[INFO] 
[INFO] --- maven-antrun-plugin:1.1:run (javadoc.resources) @ commons-math ---
[INFO] Executing tasks
     [copy] Copying 2 files to /home/ubuntu/bugs/projects/Math/target/apidocs/META-INF
[INFO] Executed tasks
[INFO] 
[INFO] --- maven-resources-plugin:2.6:resources (default-resources) @ commons-math ---
[INFO] Using 'UTF-8' encoding to copy filtered resources.
[INFO] Copying 2 resources to META-INF
[INFO] 
[INFO] --- maven-compiler-plugin:2.0.2:compile (default-compile) @ commons-math ---
[INFO] Compiling 362 source files to /home/ubuntu/bugs/projects/Math/target/classes
[INFO] ------------------------------------------------------------------------
[INFO] BUILD FAILURE
[INFO] ------------------------------------------------------------------------
[INFO] Total time: 5.072 s
[INFO] Finished at: 2019-01-15T01:12:08+00:00
[INFO] Final Memory: 15M/281M
[INFO] ------------------------------------------------------------------------
[ERROR] Failed to execute goal org.apache.maven.plugins:maven-compiler-plugin:2.0.2:compile (default-compile) on project commons-math: Compilation failure: Compilation failure:
[ERROR] /home/ubuntu/bugs/projects/Math/src/java/org/apache/commons/math/ode/nonstiff/DormandPrince54StepInterpolator.java:[34,0] error: DormandPrince54StepInterpolator is not abstract and does not override abstract method computeInterpolatedStateAndDerivatives(double,double) in AbstractStepInterpolator
[ERROR] 
[ERROR] /home/ubuntu/bugs/projects/Math/src/java/org/apache/commons/math/ode/nonstiff/DormandPrince54StepInterpolator.java:[111,2] error: method does not override or implement a method from a supertype
[ERROR] 
[ERROR] /home/ubuntu/bugs/projects/Math/src/java/org/apache/commons/math/ode/nonstiff/AdamsIntegrator.java:[292,20] error: no suitable method found for reinitialize(double,double[],RealMatrix)
[ERROR] 
[ERROR] method AbstractStepInterpolator.reinitialize(double[],boolean) is not applicable
[ERROR] (actual and formal argument lists differ in length)
[ERROR] method NordsieckStepInterpolator.reinitialize(double[],boolean) is not applicable
[ERROR] (actual and formal argument lists differ in length)
[ERROR] method NordsieckStepInterpolator.reinitialize(double,double,double[],RealMatrix) is not applicable
[ERROR] (actual and formal argument lists differ in length)
[ERROR] /home/ubuntu/bugs/projects/Math/src/java/org/apache/commons/math/ode/nonstiff/AdamsIntegrator.java:[320,28] error: no suitable method found for reinitialize(double,double[],RealMatrix)
[ERROR] 
[ERROR] method AbstractStepInterpolator.reinitialize(double[],boolean) is not applicable
[ERROR] (actual and formal argument lists differ in length)
[ERROR] method NordsieckStepInterpolator.reinitialize(double[],boolean) is not applicable
[ERROR] (actual and formal argument lists differ in length)
[ERROR] method NordsieckStepInterpolator.reinitialize(double,double,double[],RealMatrix) is not applicable
[ERROR] (actual and formal argument lists differ in length)
[ERROR] /home/ubuntu/bugs/projects/Math/src/java/org/apache/commons/math/ode/nonstiff/AdamsIntegrator.java:[360,32] error: no suitable method found for reinitialize(double,double[],RealMatrix)
[ERROR] 
[ERROR] method AbstractStepInterpolator.reinitialize(double[],boolean) is not applicable
[ERROR] (actual and formal argument lists differ in length)
[ERROR] method NordsieckStepInterpolator.reinitialize(double[],boolean) is not applicable
[ERROR] (actual and formal argument lists differ in length)
[ERROR] method NordsieckStepInterpolator.reinitialize(double,double,double[],RealMatrix) is not applicable
[ERROR] (actual and formal argument lists differ in length)
[ERROR] /home/ubuntu/bugs/projects/Math/src/java/org/apache/commons/math/ode/nonstiff/AdamsIntegrator.java:[379,32] error: no suitable method found for reinitialize(double,double[],RealMatrix)
[ERROR] 
[ERROR] method AbstractStepInterpolator.reinitialize(double[],boolean) is not applicable
[ERROR] (actual and formal argument lists differ in length)
[ERROR] method NordsieckStepInterpolator.reinitialize(double[],boolean) is not applicable
[ERROR] (actual and formal argument lists differ in length)
[ERROR] method NordsieckStepInterpolator.reinitialize(double,double,double[],RealMatrix) is not applicable
[ERROR] (actual and formal argument lists differ in length)
[ERROR] /home/ubuntu/bugs/projects/Math/src/java/org/apache/commons/math/ode/nonstiff/DormandPrince853StepInterpolator.java:[39,0] error: DormandPrince853StepInterpolator is not abstract and does not override abstract method computeInterpolatedStateAndDerivatives(double,double) in AbstractStepInterpolator
[ERROR] 
[ERROR] /home/ubuntu/bugs/projects/Math/src/java/org/apache/commons/math/ode/nonstiff/DormandPrince853StepInterpolator.java:[133,2] error: method does not override or implement a method from a supertype
[ERROR] 
[ERROR] /home/ubuntu/bugs/projects/Math/src/java/org/apache/commons/math/ode/nonstiff/HighamHall54StepInterpolator.java:[34,0] error: HighamHall54StepInterpolator is not abstract and does not override abstract method computeInterpolatedStateAndDerivatives(double,double) in AbstractStepInterpolator
[ERROR] 
[ERROR] /home/ubuntu/bugs/projects/Math/src/java/org/apache/commons/math/ode/nonstiff/HighamHall54StepInterpolator.java:[67,2] error: method does not override or implement a method from a supertype
[ERROR] 
[ERROR] /home/ubuntu/bugs/projects/Math/src/java/org/apache/commons/math/ode/nonstiff/GillStepInterpolator.java:[48,0] error: GillStepInterpolator is not abstract and does not override abstract method computeInterpolatedStateAndDerivatives(double,double) in AbstractStepInterpolator
[ERROR] 
[ERROR] /home/ubuntu/bugs/projects/Math/src/java/org/apache/commons/math/ode/nonstiff/GillStepInterpolator.java:[80,2] error: method does not override or implement a method from a supertype
[ERROR] 
[ERROR] /home/ubuntu/bugs/projects/Math/src/java/org/apache/commons/math/ode/nonstiff/ThreeEighthesStepInterpolator.java:[50,0] error: ThreeEighthesStepInterpolator is not abstract and does not override abstract method computeInterpolatedStateAndDerivatives(double,double) in AbstractStepInterpolator
[ERROR] 
[ERROR] /home/ubuntu/bugs/projects/Math/src/java/org/apache/commons/math/ode/nonstiff/ThreeEighthesStepInterpolator.java:[82,2] error: method does not override or implement a method from a supertype
[ERROR] 
[ERROR] /home/ubuntu/bugs/projects/Math/src/java/org/apache/commons/math/ode/nonstiff/MidpointStepInterpolator.java:[45,0] error: MidpointStepInterpolator is not abstract and does not override abstract method computeInterpolatedStateAndDerivatives(double,double) in AbstractStepInterpolator
[ERROR] 
[ERROR] /home/ubuntu/bugs/projects/Math/src/java/org/apache/commons/math/ode/nonstiff/MidpointStepInterpolator.java:[77,2] error: method does not override or implement a method from a supertype
[ERROR] 
[ERROR] /home/ubuntu/bugs/projects/Math/src/java/org/apache/commons/math/ode/nonstiff/ClassicalRungeKuttaStepInterpolator.java:[48,0] error: ClassicalRungeKuttaStepInterpolator is not abstract and does not override abstract method computeInterpolatedStateAndDerivatives(double,double) in AbstractStepInterpolator
[ERROR] 
[ERROR] /home/ubuntu/bugs/projects/Math/src/java/org/apache/commons/math/ode/nonstiff/ClassicalRungeKuttaStepInterpolator.java:[83,4] error: method does not override or implement a method from a supertype
[ERROR] 
[ERROR] /home/ubuntu/bugs/projects/Math/src/java/org/apache/commons/math/ode/nonstiff/EulerStepInterpolator.java:[43,0] error: EulerStepInterpolator is not abstract and does not override abstract method computeInterpolatedStateAndDerivatives(double,double) in AbstractStepInterpolator
[ERROR] 
[ERROR] /home/ubuntu/bugs/projects/Math/src/java/org/apache/commons/math/ode/nonstiff/EulerStepInterpolator.java:[78,2] error: method does not override or implement a method from a supertype
[ERROR] 
[ERROR] /home/ubuntu/bugs/projects/Math/src/java/org/apache/commons/math/ode/nonstiff/GraggBulirschStoerStepInterpolator.java:[79,0] error: GraggBulirschStoerStepInterpolator is not abstract and does not override abstract method computeInterpolatedStateAndDerivatives(double,double) in AbstractStepInterpolator
[ERROR] 
[ERROR] /home/ubuntu/bugs/projects/Math/src/java/org/apache/commons/math/ode/nonstiff/GraggBulirschStoerStepInterpolator.java:[309,2] error: method does not override or implement a method from a supertype
[ERROR] -> [Help 1]
[ERROR] 
[ERROR] To see the full stack trace of the errors, re-run Maven with the -e switch.
[ERROR] Re-run Maven using the -X switch to enable full debug logging.
[ERROR] 
[ERROR] For more information about the errors and possible solutions, please read the following articles:
[ERROR] [Help 1] http://cwiki.apache.org/confluence/display/MAVEN/MojoFailureException
