[INFO] Scanning for projects...
[WARNING] 
[WARNING] Some problems were encountered while building the effective model for org.apache.commons:commons-math:jar:2.0-SNAPSHOT
[WARNING] 'build.plugins.plugin.version' for org.apache.maven.plugins:maven-idea-plugin is missing. @ org.apache.commons:commons-parent:11, /home/ubuntu/.m2/repository/org/apache/commons/commons-parent/11/commons-parent-11.pom, line 255, column 15
[WARNING] The expression ${pom.version} is deprecated. Please use ${project.version} instead.
[WARNING] 
[WARNING] It is highly recommended to fix these problems because they threaten the stability of your build.
[WARNING] 
[WARNING] For this reason, future Maven versions might no longer support building such malformed projects.
[WARNING] 
[INFO]                                                                         
[INFO] ------------------------------------------------------------------------
[INFO] Building Commons Math 2.0-SNAPSHOT
[INFO] ------------------------------------------------------------------------
[INFO] 
[INFO] --- maven-antrun-plugin:1.1:run (javadoc.resources) @ commons-math ---
[INFO] Executing tasks
     [copy] Copying 2 files to /home/ubuntu/bugs/projects/Math/target/apidocs/META-INF
[INFO] Executed tasks
[INFO] 
[INFO] --- maven-resources-plugin:2.6:resources (default-resources) @ commons-math ---
[INFO] Using 'UTF-8' encoding to copy filtered resources.
[INFO] Copying 2 resources to META-INF
[INFO] 
[INFO] --- maven-compiler-plugin:2.0.2:compile (default-compile) @ commons-math ---
[INFO] Compiling 348 source files to /home/ubuntu/bugs/projects/Math/target/classes
[INFO] ------------------------------------------------------------------------
[INFO] BUILD FAILURE
[INFO] ------------------------------------------------------------------------
[INFO] Total time: 5.501 s
[INFO] Finished at: 2019-01-15T01:31:24+00:00
[INFO] Final Memory: 15M/273M
[INFO] ------------------------------------------------------------------------
[ERROR] Failed to execute goal org.apache.maven.plugins:maven-compiler-plugin:2.0.2:compile (default-compile) on project commons-math: Compilation failure: Compilation failure:
[ERROR] /home/ubuntu/bugs/projects/Math/src/java/org/apache/commons/math/linear/FieldMatrixImpl.java:[51,52] error: name clash: extractField(FieldElement<? extends FieldElement<?>>[][]) in FieldMatrixImpl and <T>extractField(T[][]) in AbstractFieldMatrix have the same erasure, yet neither hides the other
[ERROR] 
[ERROR] could not parse error message:   where T is a type-variable:
[ERROR] T extends FieldElement<T> declared in method <T>extractField(T[][])
[ERROR] /home/ubuntu/bugs/projects/Math/src/java/org/apache/commons/math/linear/FieldMatrixImpl.java:68: error: name clash: extractField(FieldElement<? extends FieldElement<?>>[]) in FieldMatrixImpl and <T>extractField(T[]) in AbstractFieldMatrix have the same erasure, yet neither hides the other
[ERROR] private static Field<? extends FieldElement<?>> extractField(final FieldElement<? extends FieldElement<?>>[] d)
[ERROR] ^
[ERROR] 
[ERROR] could not parse error message:   where T is a type-variable:
[ERROR] T extends FieldElement<T> declared in method <T>extractField(T[])
[ERROR] /home/ubuntu/bugs/projects/Math/src/java/org/apache/commons/math/linear/FieldMatrixImpl.java:97: error: no suitable method found for buildArray(int,int)
[ERROR] data = buildArray(rowDimension, columnDimension);
[ERROR] ^
[ERROR] 
[ERROR] could not parse error message:     method AbstractFieldMatrix.<T#1>buildArray(Field<T#1>,int,int) is not applicable
[ERROR] (cannot infer type-variable(s) T#1
[ERROR] (actual and formal argument lists differ in length))
[ERROR] method AbstractFieldMatrix.<T#2>buildArray(Field<T#2>,int) is not applicable
[ERROR] (cannot infer type-variable(s) T#2
[ERROR] (argument mismatch; int cannot be converted to Field<T#2>))
[ERROR] where T#1,T#2 are type-variables:
[ERROR] T#1 extends FieldElement<T#1> declared in method <T#1>buildArray(Field<T#1>,int,int)
[ERROR] T#2 extends FieldElement<T#2> declared in method <T#2>buildArray(Field<T#2>,int)
[ERROR] /home/ubuntu/bugs/projects/Math/src/java/org/apache/commons/math/linear/FieldMatrixImpl.java:180: error: no suitable method found for buildArray(int,int)
[ERROR] data = buildArray(nRows, 1);
[ERROR] ^
[ERROR] 
[ERROR] could not parse error message:     method AbstractFieldMatrix.<T#1>buildArray(Field<T#1>,int,int) is not applicable
[ERROR] (cannot infer type-variable(s) T#1
[ERROR] (actual and formal argument lists differ in length))
[ERROR] method AbstractFieldMatrix.<T#2>buildArray(Field<T#2>,int) is not applicable
[ERROR] (cannot infer type-variable(s) T#2
[ERROR] (argument mismatch; int cannot be converted to Field<T#2>))
[ERROR] where T#1,T#2 are type-variables:
[ERROR] T#1 extends FieldElement<T#1> declared in method <T#1>buildArray(Field<T#1>,int,int)
[ERROR] T#2 extends FieldElement<T#2> declared in method <T#2>buildArray(Field<T#2>,int)
[ERROR] /home/ubuntu/bugs/projects/Math/src/java/org/apache/commons/math/linear/FieldMatrixImpl.java:225: error: no suitable method found for buildArray(int,int)
[ERROR] final T[][] outData = buildArray(rowCount, columnCount);
[ERROR] ^
[ERROR] 
[ERROR] could not parse error message:     method AbstractFieldMatrix.<T#1>buildArray(Field<T#1>,int,int) is not applicable
[ERROR] (cannot infer type-variable(s) T#1
[ERROR] (actual and formal argument lists differ in length))
[ERROR] method AbstractFieldMatrix.<T#2>buildArray(Field<T#2>,int) is not applicable
[ERROR] (cannot infer type-variable(s) T#2
[ERROR] (argument mismatch; int cannot be converted to Field<T#2>))
[ERROR] where T#1,T#2 are type-variables:
[ERROR] T#1 extends FieldElement<T#1> declared in method <T#1>buildArray(Field<T#1>,int,int)
[ERROR] T#2 extends FieldElement<T#2> declared in method <T#2>buildArray(Field<T#2>,int)
[ERROR] /home/ubuntu/bugs/projects/Math/src/java/org/apache/commons/math/linear/FieldMatrixImpl.java:265: error: no suitable method found for buildArray(int,int)
[ERROR] final T[][] outData = buildArray(rowCount, columnCount);
[ERROR] ^
[ERROR] 
[ERROR] could not parse error message:     method AbstractFieldMatrix.<T#1>buildArray(Field<T#1>,int,int) is not applicable
[ERROR] (cannot infer type-variable(s) T#1
[ERROR] (actual and formal argument lists differ in length))
[ERROR] method AbstractFieldMatrix.<T#2>buildArray(Field<T#2>,int) is not applicable
[ERROR] (cannot infer type-variable(s) T#2
[ERROR] (argument mismatch; int cannot be converted to Field<T#2>))
[ERROR] where T#1,T#2 are type-variables:
[ERROR] T#1 extends FieldElement<T#1> declared in method <T#1>buildArray(Field<T#1>,int,int)
[ERROR] T#2 extends FieldElement<T#2> declared in method <T#2>buildArray(Field<T#2>,int)
[ERROR] /home/ubuntu/bugs/projects/Math/src/java/org/apache/commons/math/linear/FieldMatrixImpl.java:306: error: no suitable method found for buildArray(int,int)
[ERROR] final T[][] outData = buildArray(nRows, nCols);
[ERROR] ^
[ERROR] 
[ERROR] could not parse error message:     method AbstractFieldMatrix.<T#1>buildArray(Field<T#1>,int,int) is not applicable
[ERROR] (cannot infer type-variable(s) T#1
[ERROR] (actual and formal argument lists differ in length))
[ERROR] method AbstractFieldMatrix.<T#2>buildArray(Field<T#2>,int) is not applicable
[ERROR] (cannot infer type-variable(s) T#2
[ERROR] (argument mismatch; int cannot be converted to Field<T#2>))
[ERROR] where T#1,T#2 are type-variables:
[ERROR] T#1 extends FieldElement<T#1> declared in method <T#1>buildArray(Field<T#1>,int,int)
[ERROR] T#2 extends FieldElement<T#2> declared in method <T#2>buildArray(Field<T#2>,int)
[ERROR] /home/ubuntu/bugs/projects/Math/src/java/org/apache/commons/math/linear/FieldMatrixImpl.java:364: error: no suitable method found for buildArray(int,int)
[ERROR] data = buildArray(subMatrix.length, nCols);
[ERROR] ^
[ERROR] 
[ERROR] could not parse error message:     method AbstractFieldMatrix.<T#1>buildArray(Field<T#1>,int,int) is not applicable
[ERROR] (cannot infer type-variable(s) T#1
[ERROR] (actual and formal argument lists differ in length))
[ERROR] method AbstractFieldMatrix.<T#2>buildArray(Field<T#2>,int) is not applicable
[ERROR] (cannot infer type-variable(s) T#2
[ERROR] (argument mismatch; int cannot be converted to Field<T#2>))
[ERROR] where T#1,T#2 are type-variables:
[ERROR] T#1 extends FieldElement<T#1> declared in method <T#1>buildArray(Field<T#1>,int,int)
[ERROR] T#2 extends FieldElement<T#2> declared in method <T#2>buildArray(Field<T#2>,int)
[ERROR] /home/ubuntu/bugs/projects/Math/src/java/org/apache/commons/math/linear/FieldMatrixImpl.java:454: error: no suitable method found for buildArray(int)
[ERROR] final T[] out = buildArray(nRows);
[ERROR] ^
[ERROR] 
[ERROR] could not parse error message:     method AbstractFieldMatrix.<T#1>buildArray(Field<T#1>,int,int) is not applicable
[ERROR] (cannot infer type-variable(s) T#1
[ERROR] (actual and formal argument lists differ in length))
[ERROR] method AbstractFieldMatrix.<T#2>buildArray(Field<T#2>,int) is not applicable
[ERROR] (cannot infer type-variable(s) T#2
[ERROR] (actual and formal argument lists differ in length))
[ERROR] where T#1,T#2 are type-variables:
[ERROR] T#1 extends FieldElement<T#1> declared in method <T#1>buildArray(Field<T#1>,int,int)
[ERROR] T#2 extends FieldElement<T#2> declared in method <T#2>buildArray(Field<T#2>,int)
[ERROR] /home/ubuntu/bugs/projects/Math/src/java/org/apache/commons/math/linear/FieldMatrixImpl.java:479: error: no suitable method found for buildArray(int)
[ERROR] final T[] out = buildArray(nCols);
[ERROR] ^
[ERROR] 
[ERROR] could not parse error message:     method AbstractFieldMatrix.<T#1>buildArray(Field<T#1>,int,int) is not applicable
[ERROR] (cannot infer type-variable(s) T#1
[ERROR] (actual and formal argument lists differ in length))
[ERROR] method AbstractFieldMatrix.<T#2>buildArray(Field<T#2>,int) is not applicable
[ERROR] (cannot infer type-variable(s) T#2
[ERROR] (actual and formal argument lists differ in length))
[ERROR] where T#1,T#2 are type-variables:
[ERROR] T#1 extends FieldElement<T#1> declared in method <T#1>buildArray(Field<T#1>,int,int)
[ERROR] T#2 extends FieldElement<T#2> declared in method <T#2>buildArray(Field<T#2>,int)
[ERROR] /home/ubuntu/bugs/projects/Math/src/java/org/apache/commons/math/linear/FieldMatrixImpl.java:633: error: no suitable method found for buildArray(int,int)
[ERROR] final T[][] out = buildArray(nRows, getColumnDimension());
[ERROR] ^
[ERROR] -> [Help 1]
[ERROR] 
[ERROR] To see the full stack trace of the errors, re-run Maven with the -e switch.
[ERROR] Re-run Maven using the -X switch to enable full debug logging.
[ERROR] 
[ERROR] For more information about the errors and possible solutions, please read the following articles:
[ERROR] [Help 1] http://cwiki.apache.org/confluence/display/MAVEN/MojoFailureException
