[INFO] Scanning for projects...
[WARNING] 
[WARNING] Some problems were encountered while building the effective model for org.apache.commons:commons-math3:jar:3.2-SNAPSHOT
[WARNING] 'build.plugins.plugin.version' for org.apache.maven.plugins:maven-scm-publish-plugin is missing. @ line 366, column 17
[WARNING] 
[WARNING] It is highly recommended to fix these problems because they threaten the stability of your build.
[WARNING] 
[WARNING] For this reason, future Maven versions might no longer support building such malformed projects.
[WARNING] 
[INFO]                                                                         
[INFO] ------------------------------------------------------------------------
[INFO] Building Commons Math 3.2-SNAPSHOT
[INFO] ------------------------------------------------------------------------
[INFO] 
[INFO] --- maven-antrun-plugin:1.7:run (javadoc.resources) @ commons-math3 ---
[INFO] Executing tasks

main:
     [copy] Copying 2 files to /home/ubuntu/bugs/projects/Math/target/apidocs/META-INF
[INFO] Executed tasks
[INFO] 
[INFO] --- maven-remote-resources-plugin:1.2.1:process (default) @ commons-math3 ---
[INFO] 
[INFO] --- buildnumber-maven-plugin:1.0:create (default) @ commons-math3 ---
[INFO] Checking for local modifications: skipped.
[INFO] Updating project files from SCM: skipped.
[INFO] Executing: /bin/sh -c cd /home/ubuntu/bugs/projects/Math && svn --non-interactive info
[INFO] Working directory: /home/ubuntu/bugs/projects/Math
[INFO] Storing buildNumber: ?????? at timestamp: 1547479720897
[INFO] Executing: /bin/sh -c cd /home/ubuntu/bugs/projects/Math && svn --non-interactive info
[INFO] Working directory: /home/ubuntu/bugs/projects/Math
[INFO] Storing buildScmBranch: UNKNOWN_BRANCH
[INFO] 
[INFO] --- maven-resources-plugin:2.5:resources (default-resources) @ commons-math3 ---
[debug] execute contextualize
[INFO] Using 'UTF-8' encoding to copy filtered resources.
[INFO] Copying 1 resource
[INFO] Copying 2 resources to META-INF
[INFO] 
[INFO] --- maven-compiler-plugin:2.3.2:compile (default-compile) @ commons-math3 ---
[INFO] Compiling 754 source files to /home/ubuntu/bugs/projects/Math/target/classes
[INFO] -------------------------------------------------------------
[ERROR] COMPILATION ERROR : 
[INFO] -------------------------------------------------------------
[ERROR] /home/ubuntu/bugs/projects/Math/src/main/java/org/apache/commons/math3/linear/MatrixUtils.java:[197,34] error: cannot find symbol
[ERROR] 
    T extends FieldElement<T> declared in method <T>createFieldIdentityMatrix(Field<T>,int)
/home/ubuntu/bugs/projects/Math/src/main/java/org/apache/commons/math3/linear/FieldLUDecomposition.java:[310,41] error: cannot find symbol
[ERROR] 
    T extends FieldElement<T> declared in class Solver
/home/ubuntu/bugs/projects/Math/src/main/java/org/apache/commons/math3/linear/FieldLUDecomposition.java:[355,37] error: cannot find symbol
[ERROR] 
    T extends FieldElement<T> declared in class Solver
/home/ubuntu/bugs/projects/Math/src/main/java/org/apache/commons/math3/linear/FieldLUDecomposition.java:[393,39] error: cannot find symbol
[ERROR] 
    T extends FieldElement<T> declared in class Solver
/home/ubuntu/bugs/projects/Math/src/main/java/org/apache/commons/math3/linear/ArrayFieldVector.java:[72,31] error: cannot find symbol
[ERROR] 
    T extends FieldElement<T> declared in class ArrayFieldVector
/home/ubuntu/bugs/projects/Math/src/main/java/org/apache/commons/math3/linear/ArrayFieldVector.java:[204,25] error: cannot find symbol
[ERROR] 
    T extends FieldElement<T> declared in class ArrayFieldVector
/home/ubuntu/bugs/projects/Math/src/main/java/org/apache/commons/math3/linear/ArrayFieldVector.java:[228,25] error: cannot find symbol
[ERROR] 
    T extends FieldElement<T> declared in class ArrayFieldVector
/home/ubuntu/bugs/projects/Math/src/main/java/org/apache/commons/math3/linear/ArrayFieldVector.java:[244,25] error: cannot find symbol
[ERROR] 
    T extends FieldElement<T> declared in class ArrayFieldVector
/home/ubuntu/bugs/projects/Math/src/main/java/org/apache/commons/math3/linear/ArrayFieldVector.java:[296,25] error: cannot find symbol
[ERROR] 
    T extends FieldElement<T> declared in class ArrayFieldVector
/home/ubuntu/bugs/projects/Math/src/main/java/org/apache/commons/math3/linear/ArrayFieldVector.java:[315,25] error: cannot find symbol
[ERROR] 
    T extends FieldElement<T> declared in class ArrayFieldVector
/home/ubuntu/bugs/projects/Math/src/main/java/org/apache/commons/math3/linear/ArrayFieldVector.java:[334,25] error: cannot find symbol
[ERROR] 
    T extends FieldElement<T> declared in class ArrayFieldVector
/home/ubuntu/bugs/projects/Math/src/main/java/org/apache/commons/math3/linear/ArrayFieldVector.java:[362,25] error: cannot find symbol
[ERROR] 
    T extends FieldElement<T> declared in class ArrayFieldVector
/home/ubuntu/bugs/projects/Math/src/main/java/org/apache/commons/math3/linear/ArrayFieldVector.java:[387,25] error: cannot find symbol
[ERROR] 
    T extends FieldElement<T> declared in class ArrayFieldVector
/home/ubuntu/bugs/projects/Math/src/main/java/org/apache/commons/math3/linear/ArrayFieldVector.java:[410,32] error: cannot find symbol
[ERROR] 
    T extends FieldElement<T> declared in class ArrayFieldVector
/home/ubuntu/bugs/projects/Math/src/main/java/org/apache/commons/math3/linear/ArrayFieldVector.java:[428,28] error: cannot find symbol
[ERROR] 
    T extends FieldElement<T> declared in class ArrayFieldVector
/home/ubuntu/bugs/projects/Math/src/main/java/org/apache/commons/math3/linear/ArrayFieldVector.java:[442,32] error: cannot find symbol
[ERROR] 
    T extends FieldElement<T> declared in class ArrayFieldVector
/home/ubuntu/bugs/projects/Math/src/main/java/org/apache/commons/math3/linear/ArrayFieldVector.java:[460,28] error: cannot find symbol
[ERROR] 
    T extends FieldElement<T> declared in class ArrayFieldVector
/home/ubuntu/bugs/projects/Math/src/main/java/org/apache/commons/math3/linear/ArrayFieldVector.java:[469,28] error: cannot find symbol
[ERROR] 
    T extends FieldElement<T> declared in class ArrayFieldVector
/home/ubuntu/bugs/projects/Math/src/main/java/org/apache/commons/math3/linear/ArrayFieldVector.java:[486,28] error: cannot find symbol
[ERROR] 
    T extends FieldElement<T> declared in class ArrayFieldVector
/home/ubuntu/bugs/projects/Math/src/main/java/org/apache/commons/math3/linear/ArrayFieldVector.java:[503,28] error: cannot find symbol
[ERROR] 
    T extends FieldElement<T> declared in class ArrayFieldVector
/home/ubuntu/bugs/projects/Math/src/main/java/org/apache/commons/math3/linear/ArrayFieldVector.java:[524,28] error: cannot find symbol
[ERROR] 
    T extends FieldElement<T> declared in class ArrayFieldVector
/home/ubuntu/bugs/projects/Math/src/main/java/org/apache/commons/math3/linear/ArrayFieldVector.java:[545,28] error: cannot find symbol
[ERROR] 
    T extends FieldElement<T> declared in class ArrayFieldVector
/home/ubuntu/bugs/projects/Math/src/main/java/org/apache/commons/math3/linear/ArrayFieldVector.java:[577,32] error: cannot find symbol
[ERROR] 
    T extends FieldElement<T> declared in class ArrayFieldVector
/home/ubuntu/bugs/projects/Math/src/main/java/org/apache/commons/math3/linear/ArrayFieldVector.java:[595,28] error: cannot find symbol
[ERROR] 
    T extends FieldElement<T> declared in class ArrayFieldVector
/home/ubuntu/bugs/projects/Math/src/main/java/org/apache/commons/math3/linear/ArrayFieldVector.java:[609,32] error: cannot find symbol
[ERROR] 
    T extends FieldElement<T> declared in class ArrayFieldVector
/home/ubuntu/bugs/projects/Math/src/main/java/org/apache/commons/math3/linear/ArrayFieldVector.java:[632,28] error: cannot find symbol
[ERROR] 
    T extends FieldElement<T> declared in class ArrayFieldVector
/home/ubuntu/bugs/projects/Math/src/main/java/org/apache/commons/math3/linear/ArrayFieldVector.java:[771,34] error: cannot find symbol
[ERROR] 
    T extends FieldElement<T> declared in class ArrayFieldVector
/home/ubuntu/bugs/projects/Math/src/main/java/org/apache/commons/math3/linear/AbstractFieldMatrix.java:[295,37] error: cannot find symbol
[ERROR] 
    T extends FieldElement<T> declared in class AbstractFieldMatrix
/home/ubuntu/bugs/projects/Math/src/main/java/org/apache/commons/math3/linear/AbstractFieldMatrix.java:[564,34] error: cannot find symbol
[ERROR] 
    T extends FieldElement<T> declared in class AbstractFieldMatrix
/home/ubuntu/bugs/projects/Math/src/main/java/org/apache/commons/math3/linear/AbstractFieldMatrix.java:[591,34] error: cannot find symbol
[ERROR] 
    T extends FieldElement<T> declared in class AbstractFieldMatrix
/home/ubuntu/bugs/projects/Math/src/main/java/org/apache/commons/math3/linear/AbstractFieldMatrix.java:[675,34] error: cannot find symbol
[ERROR] 
    T extends FieldElement<T> declared in class AbstractFieldMatrix
/home/ubuntu/bugs/projects/Math/src/main/java/org/apache/commons/math3/linear/AbstractFieldMatrix.java:[699,38] error: cannot find symbol
[ERROR] 
    T extends FieldElement<T> declared in class AbstractFieldMatrix
/home/ubuntu/bugs/projects/Math/src/main/java/org/apache/commons/math3/linear/AbstractFieldMatrix.java:[721,34] error: cannot find symbol
[ERROR] 
    T extends FieldElement<T> declared in class AbstractFieldMatrix
/home/ubuntu/bugs/projects/Math/src/main/java/org/apache/commons/math3/linear/AbstractFieldMatrix.java:[745,38] error: cannot find symbol
[ERROR] 
    T extends FieldElement<T> declared in class AbstractFieldMatrix
/home/ubuntu/bugs/projects/Math/src/main/java/org/apache/commons/math3/linear/Array2DRowFieldMatrix.java:[74,25] error: cannot find symbol
[ERROR] 
    T extends FieldElement<T> declared in class Array2DRowFieldMatrix
/home/ubuntu/bugs/projects/Math/src/main/java/org/apache/commons/math3/linear/Array2DRowFieldMatrix.java:[201,25] error: cannot find symbol
[ERROR] 
    T extends FieldElement<T> declared in class Array2DRowFieldMatrix
/home/ubuntu/bugs/projects/Math/src/main/java/org/apache/commons/math3/linear/Array2DRowFieldMatrix.java:[236,40] error: cannot find symbol
[ERROR] 
    T extends FieldElement<T> declared in class Array2DRowFieldMatrix
/home/ubuntu/bugs/projects/Math/src/main/java/org/apache/commons/math3/linear/Array2DRowFieldMatrix.java:[264,40] error: cannot find symbol
[ERROR] 
    T extends FieldElement<T> declared in class Array2DRowFieldMatrix
/home/ubuntu/bugs/projects/Math/src/main/java/org/apache/commons/math3/linear/Array2DRowFieldMatrix.java:[294,40] error: cannot find symbol
[ERROR] 
    T extends FieldElement<T> declared in class Array2DRowFieldMatrix
/home/ubuntu/bugs/projects/Math/src/main/java/org/apache/commons/math3/linear/Array2DRowFieldMatrix.java:[349,29] error: cannot find symbol
[ERROR] 
    T extends FieldElement<T> declared in class Array2DRowFieldMatrix
/home/ubuntu/bugs/projects/Math/src/main/java/org/apache/commons/math3/linear/Array2DRowFieldMatrix.java:[422,34] error: cannot find symbol
[ERROR] 
    T extends FieldElement<T> declared in class Array2DRowFieldMatrix
/home/ubuntu/bugs/projects/Math/src/main/java/org/apache/commons/math3/linear/Array2DRowFieldMatrix.java:[443,34] error: cannot find symbol
[ERROR] 
    T extends FieldElement<T> declared in class Array2DRowFieldMatrix
/home/ubuntu/bugs/projects/Math/src/main/java/org/apache/commons/math3/linear/Array2DRowFieldMatrix.java:[592,36] error: cannot find symbol
[ERROR] 
    T extends FieldElement<T> declared in class Array2DRowFieldMatrix
/home/ubuntu/bugs/projects/Math/src/main/java/org/apache/commons/math3/linear/BlockFieldMatrix.java:[163,31] error: cannot find symbol
[ERROR] 
    T extends FieldElement<T> declared in class BlockFieldMatrix
/home/ubuntu/bugs/projects/Math/src/main/java/org/apache/commons/math3/linear/BlockFieldMatrix.java:[226,39] error: cannot find symbol
[ERROR] 
/home/ubuntu/bugs/projects/Math/src/main/java/org/apache/commons/math3/linear/BlockFieldMatrix.java:[238,44] error: cannot find symbol
[ERROR] 
/home/ubuntu/bugs/projects/Math/src/main/java/org/apache/commons/math3/linear/BlockFieldMatrix.java:[275,39] error: cannot find symbol
[ERROR] 
    T extends FieldElement<T> declared in method <T>createBlocksLayout(Field<T>,int,int)
/home/ubuntu/bugs/projects/Math/src/main/java/org/apache/commons/math3/linear/BlockFieldMatrix.java:[285,47] error: cannot find symbol
[ERROR] 
    T extends FieldElement<T> declared in method <T>createBlocksLayout(Field<T>,int,int)
/home/ubuntu/bugs/projects/Math/src/main/java/org/apache/commons/math3/linear/BlockFieldMatrix.java:[631,37] error: cannot find symbol
[ERROR] 
    T extends FieldElement<T> declared in class BlockFieldMatrix
/home/ubuntu/bugs/projects/Math/src/main/java/org/apache/commons/math3/linear/BlockFieldMatrix.java:[1008,38] error: cannot find symbol
[ERROR] 
    T extends FieldElement<T> declared in class BlockFieldMatrix
/home/ubuntu/bugs/projects/Math/src/main/java/org/apache/commons/math3/linear/BlockFieldMatrix.java:[1040,38] error: cannot find symbol
[ERROR] 
    T extends FieldElement<T> declared in class BlockFieldMatrix
/home/ubuntu/bugs/projects/Math/src/main/java/org/apache/commons/math3/linear/BlockFieldMatrix.java:[1073,34] error: cannot find symbol
[ERROR] 
    T extends FieldElement<T> declared in class BlockFieldMatrix
/home/ubuntu/bugs/projects/Math/src/main/java/org/apache/commons/math3/linear/BlockFieldMatrix.java:[1115,34] error: cannot find symbol
[ERROR] 
    T extends FieldElement<T> declared in class BlockFieldMatrix
/home/ubuntu/bugs/projects/Math/src/main/java/org/apache/commons/math3/linear/BlockFieldMatrix.java:[1276,34] error: cannot find symbol
[ERROR] 
    T extends FieldElement<T> declared in class BlockFieldMatrix
/home/ubuntu/bugs/projects/Math/src/main/java/org/apache/commons/math3/linear/BlockFieldMatrix.java:[1318,34] error: cannot find symbol
[INFO] 55 errors 
[INFO] -------------------------------------------------------------
[INFO] ------------------------------------------------------------------------
[INFO] BUILD FAILURE
[INFO] ------------------------------------------------------------------------
[INFO] Total time: 8.203 s
[INFO] Finished at: 2019-01-14T15:28:47+00:00
[INFO] Final Memory: 24M/553M
[INFO] ------------------------------------------------------------------------
[ERROR] Failed to execute goal org.apache.maven.plugins:maven-compiler-plugin:2.3.2:compile (default-compile) on project commons-math3: Compilation failure: Compilation failure:
[ERROR] /home/ubuntu/bugs/projects/Math/src/main/java/org/apache/commons/math3/linear/MatrixUtils.java:[197,34] error: cannot find symbol
[ERROR] 
[ERROR] T extends FieldElement<T> declared in method <T>createFieldIdentityMatrix(Field<T>,int)
[ERROR] /home/ubuntu/bugs/projects/Math/src/main/java/org/apache/commons/math3/linear/FieldLUDecomposition.java:[310,41] error: cannot find symbol
[ERROR] 
[ERROR] T extends FieldElement<T> declared in class Solver
[ERROR] /home/ubuntu/bugs/projects/Math/src/main/java/org/apache/commons/math3/linear/FieldLUDecomposition.java:[355,37] error: cannot find symbol
[ERROR] 
[ERROR] T extends FieldElement<T> declared in class Solver
[ERROR] /home/ubuntu/bugs/projects/Math/src/main/java/org/apache/commons/math3/linear/FieldLUDecomposition.java:[393,39] error: cannot find symbol
[ERROR] 
[ERROR] T extends FieldElement<T> declared in class Solver
[ERROR] /home/ubuntu/bugs/projects/Math/src/main/java/org/apache/commons/math3/linear/ArrayFieldVector.java:[72,31] error: cannot find symbol
[ERROR] 
[ERROR] T extends FieldElement<T> declared in class ArrayFieldVector
[ERROR] /home/ubuntu/bugs/projects/Math/src/main/java/org/apache/commons/math3/linear/ArrayFieldVector.java:[204,25] error: cannot find symbol
[ERROR] 
[ERROR] T extends FieldElement<T> declared in class ArrayFieldVector
[ERROR] /home/ubuntu/bugs/projects/Math/src/main/java/org/apache/commons/math3/linear/ArrayFieldVector.java:[228,25] error: cannot find symbol
[ERROR] 
[ERROR] T extends FieldElement<T> declared in class ArrayFieldVector
[ERROR] /home/ubuntu/bugs/projects/Math/src/main/java/org/apache/commons/math3/linear/ArrayFieldVector.java:[244,25] error: cannot find symbol
[ERROR] 
[ERROR] T extends FieldElement<T> declared in class ArrayFieldVector
[ERROR] /home/ubuntu/bugs/projects/Math/src/main/java/org/apache/commons/math3/linear/ArrayFieldVector.java:[296,25] error: cannot find symbol
[ERROR] 
[ERROR] T extends FieldElement<T> declared in class ArrayFieldVector
[ERROR] /home/ubuntu/bugs/projects/Math/src/main/java/org/apache/commons/math3/linear/ArrayFieldVector.java:[315,25] error: cannot find symbol
[ERROR] 
[ERROR] T extends FieldElement<T> declared in class ArrayFieldVector
[ERROR] /home/ubuntu/bugs/projects/Math/src/main/java/org/apache/commons/math3/linear/ArrayFieldVector.java:[334,25] error: cannot find symbol
[ERROR] 
[ERROR] T extends FieldElement<T> declared in class ArrayFieldVector
[ERROR] /home/ubuntu/bugs/projects/Math/src/main/java/org/apache/commons/math3/linear/ArrayFieldVector.java:[362,25] error: cannot find symbol
[ERROR] 
[ERROR] T extends FieldElement<T> declared in class ArrayFieldVector
[ERROR] /home/ubuntu/bugs/projects/Math/src/main/java/org/apache/commons/math3/linear/ArrayFieldVector.java:[387,25] error: cannot find symbol
[ERROR] 
[ERROR] T extends FieldElement<T> declared in class ArrayFieldVector
[ERROR] /home/ubuntu/bugs/projects/Math/src/main/java/org/apache/commons/math3/linear/ArrayFieldVector.java:[410,32] error: cannot find symbol
[ERROR] 
[ERROR] T extends FieldElement<T> declared in class ArrayFieldVector
[ERROR] /home/ubuntu/bugs/projects/Math/src/main/java/org/apache/commons/math3/linear/ArrayFieldVector.java:[428,28] error: cannot find symbol
[ERROR] 
[ERROR] T extends FieldElement<T> declared in class ArrayFieldVector
[ERROR] /home/ubuntu/bugs/projects/Math/src/main/java/org/apache/commons/math3/linear/ArrayFieldVector.java:[442,32] error: cannot find symbol
[ERROR] 
[ERROR] T extends FieldElement<T> declared in class ArrayFieldVector
[ERROR] /home/ubuntu/bugs/projects/Math/src/main/java/org/apache/commons/math3/linear/ArrayFieldVector.java:[460,28] error: cannot find symbol
[ERROR] 
[ERROR] T extends FieldElement<T> declared in class ArrayFieldVector
[ERROR] /home/ubuntu/bugs/projects/Math/src/main/java/org/apache/commons/math3/linear/ArrayFieldVector.java:[469,28] error: cannot find symbol
[ERROR] 
[ERROR] T extends FieldElement<T> declared in class ArrayFieldVector
[ERROR] /home/ubuntu/bugs/projects/Math/src/main/java/org/apache/commons/math3/linear/ArrayFieldVector.java:[486,28] error: cannot find symbol
[ERROR] 
[ERROR] T extends FieldElement<T> declared in class ArrayFieldVector
[ERROR] /home/ubuntu/bugs/projects/Math/src/main/java/org/apache/commons/math3/linear/ArrayFieldVector.java:[503,28] error: cannot find symbol
[ERROR] 
[ERROR] T extends FieldElement<T> declared in class ArrayFieldVector
[ERROR] /home/ubuntu/bugs/projects/Math/src/main/java/org/apache/commons/math3/linear/ArrayFieldVector.java:[524,28] error: cannot find symbol
[ERROR] 
[ERROR] T extends FieldElement<T> declared in class ArrayFieldVector
[ERROR] /home/ubuntu/bugs/projects/Math/src/main/java/org/apache/commons/math3/linear/ArrayFieldVector.java:[545,28] error: cannot find symbol
[ERROR] 
[ERROR] T extends FieldElement<T> declared in class ArrayFieldVector
[ERROR] /home/ubuntu/bugs/projects/Math/src/main/java/org/apache/commons/math3/linear/ArrayFieldVector.java:[577,32] error: cannot find symbol
[ERROR] 
[ERROR] T extends FieldElement<T> declared in class ArrayFieldVector
[ERROR] /home/ubuntu/bugs/projects/Math/src/main/java/org/apache/commons/math3/linear/ArrayFieldVector.java:[595,28] error: cannot find symbol
[ERROR] 
[ERROR] T extends FieldElement<T> declared in class ArrayFieldVector
[ERROR] /home/ubuntu/bugs/projects/Math/src/main/java/org/apache/commons/math3/linear/ArrayFieldVector.java:[609,32] error: cannot find symbol
[ERROR] 
[ERROR] T extends FieldElement<T> declared in class ArrayFieldVector
[ERROR] /home/ubuntu/bugs/projects/Math/src/main/java/org/apache/commons/math3/linear/ArrayFieldVector.java:[632,28] error: cannot find symbol
[ERROR] 
[ERROR] T extends FieldElement<T> declared in class ArrayFieldVector
[ERROR] /home/ubuntu/bugs/projects/Math/src/main/java/org/apache/commons/math3/linear/ArrayFieldVector.java:[771,34] error: cannot find symbol
[ERROR] 
[ERROR] T extends FieldElement<T> declared in class ArrayFieldVector
[ERROR] /home/ubuntu/bugs/projects/Math/src/main/java/org/apache/commons/math3/linear/AbstractFieldMatrix.java:[295,37] error: cannot find symbol
[ERROR] 
[ERROR] T extends FieldElement<T> declared in class AbstractFieldMatrix
[ERROR] /home/ubuntu/bugs/projects/Math/src/main/java/org/apache/commons/math3/linear/AbstractFieldMatrix.java:[564,34] error: cannot find symbol
[ERROR] 
[ERROR] T extends FieldElement<T> declared in class AbstractFieldMatrix
[ERROR] /home/ubuntu/bugs/projects/Math/src/main/java/org/apache/commons/math3/linear/AbstractFieldMatrix.java:[591,34] error: cannot find symbol
[ERROR] 
[ERROR] T extends FieldElement<T> declared in class AbstractFieldMatrix
[ERROR] /home/ubuntu/bugs/projects/Math/src/main/java/org/apache/commons/math3/linear/AbstractFieldMatrix.java:[675,34] error: cannot find symbol
[ERROR] 
[ERROR] T extends FieldElement<T> declared in class AbstractFieldMatrix
[ERROR] /home/ubuntu/bugs/projects/Math/src/main/java/org/apache/commons/math3/linear/AbstractFieldMatrix.java:[699,38] error: cannot find symbol
[ERROR] 
[ERROR] T extends FieldElement<T> declared in class AbstractFieldMatrix
[ERROR] /home/ubuntu/bugs/projects/Math/src/main/java/org/apache/commons/math3/linear/AbstractFieldMatrix.java:[721,34] error: cannot find symbol
[ERROR] 
[ERROR] T extends FieldElement<T> declared in class AbstractFieldMatrix
[ERROR] /home/ubuntu/bugs/projects/Math/src/main/java/org/apache/commons/math3/linear/AbstractFieldMatrix.java:[745,38] error: cannot find symbol
[ERROR] 
[ERROR] T extends FieldElement<T> declared in class AbstractFieldMatrix
[ERROR] /home/ubuntu/bugs/projects/Math/src/main/java/org/apache/commons/math3/linear/Array2DRowFieldMatrix.java:[74,25] error: cannot find symbol
[ERROR] 
[ERROR] T extends FieldElement<T> declared in class Array2DRowFieldMatrix
[ERROR] /home/ubuntu/bugs/projects/Math/src/main/java/org/apache/commons/math3/linear/Array2DRowFieldMatrix.java:[201,25] error: cannot find symbol
[ERROR] 
[ERROR] T extends FieldElement<T> declared in class Array2DRowFieldMatrix
[ERROR] /home/ubuntu/bugs/projects/Math/src/main/java/org/apache/commons/math3/linear/Array2DRowFieldMatrix.java:[236,40] error: cannot find symbol
[ERROR] 
[ERROR] T extends FieldElement<T> declared in class Array2DRowFieldMatrix
[ERROR] /home/ubuntu/bugs/projects/Math/src/main/java/org/apache/commons/math3/linear/Array2DRowFieldMatrix.java:[264,40] error: cannot find symbol
[ERROR] 
[ERROR] T extends FieldElement<T> declared in class Array2DRowFieldMatrix
[ERROR] /home/ubuntu/bugs/projects/Math/src/main/java/org/apache/commons/math3/linear/Array2DRowFieldMatrix.java:[294,40] error: cannot find symbol
[ERROR] 
[ERROR] T extends FieldElement<T> declared in class Array2DRowFieldMatrix
[ERROR] /home/ubuntu/bugs/projects/Math/src/main/java/org/apache/commons/math3/linear/Array2DRowFieldMatrix.java:[349,29] error: cannot find symbol
[ERROR] 
[ERROR] T extends FieldElement<T> declared in class Array2DRowFieldMatrix
[ERROR] /home/ubuntu/bugs/projects/Math/src/main/java/org/apache/commons/math3/linear/Array2DRowFieldMatrix.java:[422,34] error: cannot find symbol
[ERROR] 
[ERROR] T extends FieldElement<T> declared in class Array2DRowFieldMatrix
[ERROR] /home/ubuntu/bugs/projects/Math/src/main/java/org/apache/commons/math3/linear/Array2DRowFieldMatrix.java:[443,34] error: cannot find symbol
[ERROR] 
[ERROR] T extends FieldElement<T> declared in class Array2DRowFieldMatrix
[ERROR] /home/ubuntu/bugs/projects/Math/src/main/java/org/apache/commons/math3/linear/Array2DRowFieldMatrix.java:[592,36] error: cannot find symbol
[ERROR] 
[ERROR] T extends FieldElement<T> declared in class Array2DRowFieldMatrix
[ERROR] /home/ubuntu/bugs/projects/Math/src/main/java/org/apache/commons/math3/linear/BlockFieldMatrix.java:[163,31] error: cannot find symbol
[ERROR] 
[ERROR] T extends FieldElement<T> declared in class BlockFieldMatrix
[ERROR] /home/ubuntu/bugs/projects/Math/src/main/java/org/apache/commons/math3/linear/BlockFieldMatrix.java:[226,39] error: cannot find symbol
[ERROR] 
[ERROR] /home/ubuntu/bugs/projects/Math/src/main/java/org/apache/commons/math3/linear/BlockFieldMatrix.java:[238,44] error: cannot find symbol
[ERROR] 
[ERROR] /home/ubuntu/bugs/projects/Math/src/main/java/org/apache/commons/math3/linear/BlockFieldMatrix.java:[275,39] error: cannot find symbol
[ERROR] 
[ERROR] T extends FieldElement<T> declared in method <T>createBlocksLayout(Field<T>,int,int)
[ERROR] /home/ubuntu/bugs/projects/Math/src/main/java/org/apache/commons/math3/linear/BlockFieldMatrix.java:[285,47] error: cannot find symbol
[ERROR] 
[ERROR] T extends FieldElement<T> declared in method <T>createBlocksLayout(Field<T>,int,int)
[ERROR] /home/ubuntu/bugs/projects/Math/src/main/java/org/apache/commons/math3/linear/BlockFieldMatrix.java:[631,37] error: cannot find symbol
[ERROR] 
[ERROR] T extends FieldElement<T> declared in class BlockFieldMatrix
[ERROR] /home/ubuntu/bugs/projects/Math/src/main/java/org/apache/commons/math3/linear/BlockFieldMatrix.java:[1008,38] error: cannot find symbol
[ERROR] 
[ERROR] T extends FieldElement<T> declared in class BlockFieldMatrix
[ERROR] /home/ubuntu/bugs/projects/Math/src/main/java/org/apache/commons/math3/linear/BlockFieldMatrix.java:[1040,38] error: cannot find symbol
[ERROR] 
[ERROR] T extends FieldElement<T> declared in class BlockFieldMatrix
[ERROR] /home/ubuntu/bugs/projects/Math/src/main/java/org/apache/commons/math3/linear/BlockFieldMatrix.java:[1073,34] error: cannot find symbol
[ERROR] 
[ERROR] T extends FieldElement<T> declared in class BlockFieldMatrix
[ERROR] /home/ubuntu/bugs/projects/Math/src/main/java/org/apache/commons/math3/linear/BlockFieldMatrix.java:[1115,34] error: cannot find symbol
[ERROR] 
[ERROR] T extends FieldElement<T> declared in class BlockFieldMatrix
[ERROR] /home/ubuntu/bugs/projects/Math/src/main/java/org/apache/commons/math3/linear/BlockFieldMatrix.java:[1276,34] error: cannot find symbol
[ERROR] 
[ERROR] T extends FieldElement<T> declared in class BlockFieldMatrix
[ERROR] /home/ubuntu/bugs/projects/Math/src/main/java/org/apache/commons/math3/linear/BlockFieldMatrix.java:[1318,34] error: cannot find symbol
[ERROR] -> [Help 1]
[ERROR] 
[ERROR] To see the full stack trace of the errors, re-run Maven with the -e switch.
[ERROR] Re-run Maven using the -X switch to enable full debug logging.
[ERROR] 
[ERROR] For more information about the errors and possible solutions, please read the following articles:
[ERROR] [Help 1] http://cwiki.apache.org/confluence/display/MAVEN/MojoFailureException
