[INFO] Scanning for projects...
[WARNING] 
[WARNING] Some problems were encountered while building the effective model for commons-math:commons-math:jar:1.2-SNAPSHOT
[WARNING] 'build.plugins.plugin.version' for org.apache.maven.plugins:maven-compiler-plugin is missing. @ org.apache.commons:commons-parent:2, /home/ubuntu/.m2/repository/org/apache/commons/commons-parent/2/commons-parent-2.pom, line 115, column 15
[WARNING] 'build.plugins.plugin.version' for org.codehaus.mojo:cobertura-maven-plugin is missing. @ line 228, column 17
[WARNING] 'build.plugins.plugin.version' for org.apache.maven.plugins:maven-surefire-plugin is missing. @ line 206, column 17
[WARNING] 'build.plugins.plugin.version' for org.apache.maven.plugins:maven-idea-plugin is missing. @ org.apache.commons:commons-parent:2, /home/ubuntu/.m2/repository/org/apache/commons/commons-parent/2/commons-parent-2.pom, line 140, column 15
[WARNING] 
[WARNING] It is highly recommended to fix these problems because they threaten the stability of your build.
[WARNING] 
[WARNING] For this reason, future Maven versions might no longer support building such malformed projects.
[WARNING] 
[INFO]                                                                         
[INFO] ------------------------------------------------------------------------
[INFO] Building Math 1.2-SNAPSHOT
[INFO] ------------------------------------------------------------------------
[INFO] 
[INFO] --- maven-antrun-plugin:1.7:run (default) @ commons-math ---
[WARNING] Parameter tasks is deprecated, use target instead
[INFO] Executing tasks

main:
     [copy] Copying 2 files to /home/ubuntu/bugs/projects/Math/target/classes/META-INF
[INFO] Executed tasks
[INFO] 
[INFO] --- maven-resources-plugin:2.6:resources (default-resources) @ commons-math ---
[WARNING] Using platform encoding (ANSI_X3.4-1968 actually) to copy filtered resources, i.e. build is platform dependent!
[INFO] Copying 2 resources to META-INF
[INFO] 
[INFO] --- maven-compiler-plugin:3.2:compile (default-compile) @ commons-math ---
[INFO] Changes detected - recompiling the module!
[WARNING] File encoding has not been set, using platform encoding ANSI_X3.4-1968, i.e. build is platform dependent!
[INFO] Compiling 215 source files to /home/ubuntu/bugs/projects/Math/target/classes
[INFO] 
[INFO] --- maven-resources-plugin:2.6:testResources (default-testResources) @ commons-math ---
[INFO] Not copying test resources
[INFO] 
[INFO] --- maven-compiler-plugin:3.2:testCompile (default-testCompile) @ commons-math ---
[INFO] Not compiling test sources
[INFO] 
[INFO] --- maven-surefire-plugin:2.17:test (default-test) @ commons-math ---
[INFO] Tests are skipped.
[INFO] 
[INFO] --- maven-jar-plugin:2.1:jar (default-jar) @ commons-math ---
[INFO] Building jar: /home/ubuntu/bugs/projects/Math/target/commons-math-1.2-SNAPSHOT.jar
[INFO] 
[INFO] >>> cobertura-maven-plugin:2.7:check (default) > [cobertura]test @ commons-math >>>
[INFO] 
[INFO] --- maven-antrun-plugin:1.7:run (default) @ commons-math ---
[WARNING] Parameter tasks is deprecated, use target instead
[INFO] Executing tasks

main:
[INFO] Executed tasks
[INFO] 
[INFO] --- maven-resources-plugin:2.6:resources (default-resources) @ commons-math ---
[WARNING] Using platform encoding (ANSI_X3.4-1968 actually) to copy filtered resources, i.e. build is platform dependent!
[INFO] Copying 2 resources to META-INF
[INFO] 
[INFO] --- maven-compiler-plugin:3.2:compile (default-compile) @ commons-math ---
[INFO] Nothing to compile - all classes are up to date
[INFO] 
[INFO] --- cobertura-maven-plugin:2.7:instrument (default) @ commons-math ---
[INFO] Cobertura 2.1.1 - GNU GPL License (NO WARRANTY) - See COPYRIGHT file
[INFO] Cobertura: Saved information on 227 classes.
[INFO] Cobertura: Saved information on 227 classes.

[INFO] Instrumentation was successful.
[INFO] NOT adding cobertura ser file to attached artifacts list.
[INFO] 
[INFO] --- maven-resources-plugin:2.6:testResources (default-testResources) @ commons-math ---
[INFO] Not copying test resources
[INFO] 
[INFO] --- maven-compiler-plugin:3.2:testCompile (default-testCompile) @ commons-math ---
[INFO] Not compiling test sources
[INFO] 
[INFO] --- maven-surefire-plugin:2.17:test (default-test) @ commons-math ---
[INFO] Tests are skipped.
[INFO] 
[INFO] <<< cobertura-maven-plugin:2.7:check (default) < [cobertura]test @ commons-math <<<
[INFO] 
[INFO] --- cobertura-maven-plugin:2.7:check (default) @ commons-math ---
[INFO] ------------------------------------------------------------------------
[INFO] BUILD FAILURE
[INFO] ------------------------------------------------------------------------
[INFO] Total time: 8.419 s
[INFO] Finished at: 2019-01-15T02:59:59+00:00
[INFO] Final Memory: 22M/291M
[INFO] ------------------------------------------------------------------------
[ERROR] Failed to execute goal org.codehaus.mojo:cobertura-maven-plugin:2.7:check (default) on project commons-math: The parameters 'check' for goal org.codehaus.mojo:cobertura-maven-plugin:2.7:check are missing or invalid -> [Help 1]
[ERROR] 
[ERROR] To see the full stack trace of the errors, re-run Maven with the -e switch.
[ERROR] Re-run Maven using the -X switch to enable full debug logging.
[ERROR] 
[ERROR] For more information about the errors and possible solutions, please read the following articles:
[ERROR] [Help 1] http://cwiki.apache.org/confluence/display/MAVEN/PluginParameterException
